[rank 0] -> n0
[rank 1] -> n1
[rank 2] -> n2
[rank 3] -> n3
[rank 4] -> n4
[rank 5] -> n5
[rank 6] -> n6
[rank 7] -> n7
[rank 8] -> n8
[rank 9] -> n9
[rank 10] -> n10
[rank 11] -> n11
[rank 12] -> n12
[rank 13] -> n13
[rank 14] -> n14
[rank 15] -> n15
[rank 16] -> n16
[rank 17] -> n17
[rank 18] -> n18
[rank 19] -> n19
[rank 20] -> n20
[rank 21] -> n21
[rank 22] -> n22
[rank 23] -> n23
[rank 24] -> n24
[rank 25] -> n25
[rank 26] -> n26
[rank 27] -> n27
[rank 28] -> n28
[rank 29] -> n29
[rank 30] -> n30
[rank 31] -> n31
[rank 32] -> n32
[rank 33] -> n33
[rank 34] -> n34
[rank 35] -> n35
[rank 36] -> n36
[rank 37] -> n37
[rank 38] -> n38
[rank 39] -> n39
[rank 40] -> n40
[rank 41] -> n41
[rank 42] -> n42
[rank 43] -> n43
[rank 44] -> n44
[rank 45] -> n45
[rank 46] -> n46
[rank 47] -> n47
[rank 48] -> n48
[rank 49] -> n49
[rank 50] -> n50
[rank 51] -> n51
[rank 52] -> n52
[rank 53] -> n53
[rank 54] -> n54
[rank 55] -> n55
[rank 56] -> n56
[rank 57] -> n57
[rank 58] -> n58
[rank 59] -> n59
[rank 60] -> n60
[rank 61] -> n61
[rank 62] -> n62
[rank 63] -> n63
[rank 64] -> n64
[rank 65] -> n65
[rank 66] -> n66
[rank 67] -> n67
[rank 68] -> n68
[rank 69] -> n69
[rank 70] -> n70
[rank 71] -> n71
[rank 72] -> n72
[rank 73] -> n73
[rank 74] -> n74
[rank 75] -> n75
[rank 76] -> n76
[rank 77] -> n77
[rank 78] -> n78
[rank 79] -> n79
[rank 80] -> n80
[rank 81] -> n81
[rank 82] -> n82
[rank 83] -> n83
[rank 84] -> n84
[rank 85] -> n85
[rank 86] -> n86
[rank 87] -> n87
[rank 88] -> n88
[rank 89] -> n89
[rank 90] -> n90
[rank 91] -> n91
[rank 92] -> n92
[rank 93] -> n93
[rank 94] -> n94
[rank 95] -> n95
[rank 96] -> n96
[rank 97] -> n97
[rank 98] -> n98
[rank 99] -> n99
[rank 100] -> n100
[rank 101] -> n101
[rank 102] -> n102
[rank 103] -> n103
[rank 104] -> n104
[rank 105] -> n105
[rank 106] -> n106
[rank 107] -> n107
[rank 108] -> n108
[rank 109] -> n109
[rank 110] -> n110
[rank 111] -> n111
[rank 112] -> n112
[rank 113] -> n113
[rank 114] -> n114
[rank 115] -> n115
[rank 116] -> n116
[rank 117] -> n117
[rank 118] -> n118
[rank 119] -> n119
[rank 120] -> n120
[rank 121] -> n121
[rank 122] -> n122
[rank 123] -> n123
[rank 124] -> n124
[rank 125] -> n125
[rank 126] -> n126
[rank 127] -> n127
[rank 128] -> n128
[rank 129] -> n129
[rank 130] -> n130
[rank 131] -> n131
[rank 132] -> n132
[rank 133] -> n133
[rank 134] -> n134
[rank 135] -> n135
[rank 136] -> n136
[rank 137] -> n137
[rank 138] -> n138
[rank 139] -> n139
[rank 140] -> n140
[rank 141] -> n141
[rank 142] -> n142
[rank 143] -> n143
[rank 144] -> n144
[rank 145] -> n145
[rank 146] -> n146
[rank 147] -> n147
[rank 148] -> n148
[rank 149] -> n149
[rank 150] -> n150
[rank 151] -> n151
[rank 152] -> n152
[rank 153] -> n153
[rank 154] -> n154
[rank 155] -> n155
[rank 156] -> n156
[rank 157] -> n157
[rank 158] -> n158
[rank 159] -> n159
[rank 160] -> n160
[rank 161] -> n161
[rank 162] -> n162
[rank 163] -> n163
[rank 164] -> n164
[rank 165] -> n165
[rank 166] -> n166
[rank 167] -> n167
[rank 168] -> n168
[rank 169] -> n169
[rank 170] -> n170
[rank 171] -> n171
[rank 172] -> n172
[rank 173] -> n173
[rank 174] -> n174
[rank 175] -> n175
[rank 176] -> n176
[rank 177] -> n177
[rank 178] -> n178
[rank 179] -> n179
[rank 180] -> n180
[rank 181] -> n181
[rank 182] -> n182
[rank 183] -> n183
[rank 184] -> n184
[rank 185] -> n185
[rank 186] -> n186
[rank 187] -> n187
[rank 188] -> n188
[rank 189] -> n189
[rank 190] -> n190
[rank 191] -> n191
[rank 192] -> n192
[rank 193] -> n193
[rank 194] -> n194
[rank 195] -> n195
[rank 196] -> n196
[rank 197] -> n197
[rank 198] -> n198
[rank 199] -> n199
[rank 200] -> n200
[rank 201] -> n201
[rank 202] -> n202
[rank 203] -> n203
[rank 204] -> n204
[rank 205] -> n205
[rank 206] -> n206
[rank 207] -> n207
[rank 208] -> n208
[rank 209] -> n209
[rank 210] -> n210
[rank 211] -> n211
[rank 212] -> n212
[rank 213] -> n213
[rank 214] -> n214
[rank 215] -> n215
[rank 216] -> n216
[rank 217] -> n217
[rank 218] -> n218
[rank 219] -> n219
[rank 220] -> n220
[rank 221] -> n221
[rank 222] -> n222
[rank 223] -> n223
[rank 224] -> n224
[rank 225] -> n225
[rank 226] -> n226
[rank 227] -> n227
[rank 228] -> n228
[rank 229] -> n229
[rank 230] -> n230
[rank 231] -> n231
[rank 232] -> n232
[rank 233] -> n233
[rank 234] -> n234
[rank 235] -> n235
[rank 236] -> n236
[rank 237] -> n237
[rank 238] -> n238
[rank 239] -> n239
[rank 240] -> n240
[rank 241] -> n241
[rank 242] -> n242
[rank 243] -> n243
[rank 244] -> n244
[rank 245] -> n245
[rank 246] -> n246
[rank 247] -> n247
[rank 248] -> n248
[rank 249] -> n249
[rank 250] -> n250
[rank 251] -> n251
[rank 252] -> n252
[rank 253] -> n253
[rank 254] -> n254
[rank 255] -> n255
[0.000000] [xbt_cfg/INFO] Configuration change: Set 'smpi/privatization' to '1'
[0.000000] [xbt_cfg/INFO] Configuration change: Set 'surf/precision' to '1e-9'
[0.000000] [xbt_cfg/INFO] Configuration change: Set 'network/model' to 'SMPI'
[0.000000] [xbt_cfg/INFO] Configuration change: Set 'exception/cutpath' to '1'
[0.000000] [xbt_cfg/INFO] Configuration change: Set 'smpi/display-timing' to '1'
[0.000000] [xbt_cfg/INFO] Configuration change: Set 'smpi/allreduce' to 'lr'
[0.000000] [xbt_cfg/INFO] Configuration change: Set 'contexts/nthreads' to '1'
[0.000000] [xbt_cfg/INFO] Configuration change: Set 'cpu/optim' to 'Lazy'
[0.000000] [xbt_cfg/INFO] Configuration change: Set 'maxmin/precision' to '1e-4'
[0.000000] [surf_parse/INFO] The custom configuration 'network/model' is already defined by user!
[0.000000] [xbt_cfg/INFO] Configuration change: Set 'network/optim' to 'Lazy'
[0.000000] [xbt_cfg/INFO] Configuration change: Set 'smpi/cpu-threshold' to '0.00000000001'
[0.000000] [surf_parse/INFO] The custom configuration 'smpi/display-timing' is already defined by user!
[0.000000] [xbt_cfg/INFO] Configuration change: Set 'smpi/host-speed' to '50000000000.0'
[0.000000] [smpi_coll/INFO] Switch to algorithm lr for collective allreduce
VGG16_d.run --cfg=smpi/privatization:1 --cfg=surf/precision:1e-9 --cfg=network/model:SMPI --cfg=exception/cutpath:1 --cfg=smpi/display-timing:1 --cfg=smpi/allreduce:lr ../platforms/Tsubame3_64.xml smpitmp-app6GM4yU
Generated unrolled hostfile smpitmp-hostfmgkLiJ kept.
Execution failed with code 137.
