Read dnn fromResNet50.net
INPUT: 178608.0
LAYER:	(Activation, Weight, Operations)
Layer 0:	802816.0		9408.0		118013952.0
Layer 1:	200704.0		0.0		115605504.0
Layer 2:	200704.0		4096.0		12845056.0
Layer 3:	200704.0		36864.0		115605504.0
Layer 4:	802816.0		16384.0		51380224.0
Layer 5:	200704.0		4096.0		51380224.0
Layer 6:	200704.0		36864.0		115605504.0
Layer 7:	802816.0		16384.0		51380224.0
Layer 8:	200704.0		4096.0		51380224.0
Layer 9:	200704.0		36864.0		115605504.0
Layer 10:	802816.0		16384.0		51380224.0
Layer 11:	100352.0		32768.0		25690112.0
Layer 12:	100352.0		147456.0		115605504.0
Layer 13:	401408.0		65536.0		51380224.0
Layer 14:	100352.0		65536.0		51380224.0
Layer 15:	100352.0		147456.0		115605504.0
Layer 16:	401408.0		65536.0		51380224.0
Layer 17:	100352.0		65536.0		51380224.0
Layer 18:	100352.0		147456.0		115605504.0
Layer 19:	401408.0		65536.0		51380224.0
Layer 20:	100352.0		65536.0		51380224.0
Layer 21:	100352.0		147456.0		115605504.0
Layer 22:	401408.0		65536.0		51380224.0
Layer 23:	50176.0		131072.0		25690112.0
Layer 24:	50176.0		589824.0		115605504.0
Layer 25:	200704.0		262144.0		51380224.0
Layer 26:	50176.0		262144.0		51380224.0
Layer 27:	50176.0		589824.0		115605504.0
Layer 28:	200704.0		262144.0		51380224.0
Layer 29:	50176.0		262144.0		51380224.0
Layer 30:	50176.0		589824.0		115605504.0
Layer 31:	200704.0		262144.0		51380224.0
Layer 32:	50176.0		262144.0		51380224.0
Layer 33:	50176.0		589824.0		115605504.0
Layer 34:	200704.0		262144.0		51380224.0
Layer 35:	50176.0		262144.0		51380224.0
Layer 36:	50176.0		589824.0		115605504.0
Layer 37:	200704.0		262144.0		51380224.0
Layer 38:	50176.0		262144.0		51380224.0
Layer 39:	50176.0		589824.0		115605504.0
Layer 40:	200704.0		262144.0		51380224.0
Layer 41:	25088.0		524288.0		25690112.0
Layer 42:	25088.0		2359296.0		115605504.0
Layer 43:	100352.0		1048576.0		51380224.0
Layer 44:	25088.0		1048576.0		51380224.0
Layer 45:	25088.0		2359296.0		115605504.0
Layer 46:	100352.0		1048576.0		51380224.0
Layer 47:	25088.0		1048576.0		51380224.0
Layer 48:	25088.0		2359296.0		115605504.0
Layer 49:	100352.0		1048576.0		51380224.0
Layer 50:	1000.0		0.0		100352000.0
Layer 51:	1000.0		1000000.0		1000000.0
Total activation: 9284560.0items
Total weight: 21661440.0items
Total comp: 7426442368.0items
Max Activation802816.0items
==========SINGLE-NODE===============
maxBatchPerNode: 104.368759777
==========DATA PARALLELISM==========
maxBatchPerNode: 104.368759777
==========hMODEL PARALLELISM==========
maxBatchPerNode: 106.643486613
==========hhMODEL PARALLELISM==========
maxBatchPerNode: 106.643486613
==========vMODEL PARALLELISM==========
Considering nodeNumber: 2
maxBatchPerNode: 136.647176735
lastActivation: 50176.0
Considering nodeNumber: 4
maxBatchPerNode: 204.239989279
lastActivation: 351232.0
lastActivation: 351232.0
Considering nodeNumber: 8
maxBatchPerNode: 256.0
lastActivation: 577024.0
lastActivation: 577024.0
lastActivation: 577024.0
Considering nodeNumber: 16
maxBatchPerNode: 256.0
lastActivation: 1354752.0
lastActivation: 1354752.0
lastActivation: 1354752.0
lastActivation: 1354752.0
Considering nodeNumber: 32
maxBatchPerNode: 256.0
lastActivation: 3512320.0
lastActivation: 3512320.0
lastActivation: 3512320.0
lastActivation: 3512320.0
lastActivation: 3512320.0
name	B	p	Mem (bytes)	Tcomp (s)	Tcomm(s)	Time(s)	Cost(min*Node)
single	64.0	1	4972709888.0	1022.13400334	0	1022.13400334	18.0
data	256.0	256.0	248282432.0	3.99271095054	69.08584	73.0785509505	512.0
data	256.0	128.0	323273344.0	7.98542190108	68.810072	76.7954939011	256.0
data	256.0	64.0	473255168.0	15.9708438022	68.263536	84.2343798022	128.0
data	256.0	32.0	773218816.0	31.9416876043	67.175464	99.1171516043	64.0
data	256.0	16.0	1373146112.0	63.8833752086	65.00432	128.887695209	48.0
data	256.0	8.0	2573000704.0	127.766750417	60.667032	188.433782417	32.0
data	256.0	4.0	4972709888.0	255.533500834	51.997456	307.530956834	24.0
hmodel	64.0	2.0	4886064128.0	511.067001669	5705.993664	6217.06066567	208.0
hmodel	64.0	4.0	4842741248.0	255.533500834	8559.770496	8815.30399683	588.0
hmodel	64.0	8.0	4821079808.0	127.766750417	9987.438912	10115.2056624	1352.0
hmodel	64.0	16.0	4810249088.0	63.8833752086	10702.05312	10765.9364952	2880.0
hmodel	64.0	32.0	4804833728.0	31.9416876043	11060.140224	11092.0819116	5920.0
hmodel	64.0	64.0	4802126048.0	15.9708438022	11239.963776	11255.9346198	12032.0
hhmodel-2	128.0	4.0	4886064128.0	255.533500834	2887.665136	3143.19863683	212.0
hhmodel-4	256.0	8.0	4886064128.0	127.766750417	1452.502144	1580.26889442	216.0
hhmodel-2	128.0	8.0	4842741248.0	127.766750417	4297.2244	4424.99115042	592.0
hhmodel-4	256.0	16.0	4842741248.0	63.8833752086	2152.949488	2216.83286321	592.0
hhmodel-2	128.0	16.0	4821079808.0	63.8833752086	5002.394032	5066.27740721	1360.0
hhmodel-4	256.0	32.0	4821079808.0	31.9416876043	2503.36816	2535.3098476	1376.0
hhmodel-2	128.0	32.0	4810249088.0	31.9416876043	5355.368848	5387.3105356	2880.0
hhmodel-4	256.0	64.0	4810249088.0	15.9708438022	2678.772496	2694.7433398	2880.0
hhmodel-2	128.0	64.0	4804833728.0	15.9708438022	5532.246256	5548.2170998	5952.0
hhmodel-4	256.0	128.0	4804833728.0	7.98542190108	2766.669664	2774.6550859	6016.0
hhmodel-2	128.0	128.0	4802126048.0	7.98542190108	5621.07496	5629.0603819	12032.0
hhmodel-4	256.0	256.0	4802126048.0	3.99271095054	2810.813248	2814.80595895	12032.0
vmodel2	256.0(128)	2	7337551360.0	1277.66750417	20.5570896	1298.22459377	44.0
vmodel2	128.0(64)	4	2467964416.0	1147.72526025	143.8946272	1291.61988745	88.0
vmodel4	256.0(64)	4	2467964416.0	699.453887037	71.9473136	771.401200637	52.0
vmodel2	64.0(32)	8	620340736.0	1102.64325726	236.4890304	1339.13228766	184.0
vmodel4	128.0(32)	8	620340736.0	631.830882546	118.2445152	750.075397746	104.0
vmodel8	256.0(32)	8	620340736.0	396.424695191	59.1222576	455.546952791	64.0
vmodel2	32.0(16)	16	183533568.0	1071.70462775	555.5064192	1627.21104695	448.0
vmodel4	64.0(16)	16	183533568.0	585.422938288	277.7532096	863.176147888	240.0
vmodel8	128.0(16)	16	183533568.0	342.282093557	138.8766048	481.158698357	144.0
vmodel16	256.0(16)	16	183533568.0	220.711671191	69.4383024	290.149973591	80.0
vmodel2	16.0(8)	32	69830144.0	1055.79333258	1441.126272	2496.91960458	1344.0
vmodel4	32.0(8)	32	69830144.0	561.555995527	720.563136	1282.11913153	704.0
vmodel8	64.0(8)	32	69830144.0	314.437327002	360.281568	674.718895002	384.0
vmodel16	128.0(8)	32	69830144.0	190.87799274	180.140784	371.01877674	224.0
vmodel32	256.0(8)	32	69830144.0	129.098325609	90.070392	219.168717609	128.0
