Read dnn fromResNet50.net
INPUT: 178608.0
LAYER:	(Activation, Weight, Operations)
Layer 0:	802816.0		9408.0		118013952.0
Layer 1:	200704.0		0.0		115605504.0
Layer 2:	200704.0		4096.0		12845056.0
Layer 3:	200704.0		36864.0		115605504.0
Layer 4:	802816.0		16384.0		51380224.0
Layer 5:	200704.0		4096.0		51380224.0
Layer 6:	200704.0		36864.0		115605504.0
Layer 7:	802816.0		16384.0		51380224.0
Layer 8:	200704.0		4096.0		51380224.0
Layer 9:	200704.0		36864.0		115605504.0
Layer 10:	802816.0		16384.0		51380224.0
Layer 11:	100352.0		32768.0		25690112.0
Layer 12:	100352.0		147456.0		115605504.0
Layer 13:	401408.0		65536.0		51380224.0
Layer 14:	100352.0		65536.0		51380224.0
Layer 15:	100352.0		147456.0		115605504.0
Layer 16:	401408.0		65536.0		51380224.0
Layer 17:	100352.0		65536.0		51380224.0
Layer 18:	100352.0		147456.0		115605504.0
Layer 19:	401408.0		65536.0		51380224.0
Layer 20:	100352.0		65536.0		51380224.0
Layer 21:	100352.0		147456.0		115605504.0
Layer 22:	401408.0		65536.0		51380224.0
Layer 23:	50176.0		131072.0		25690112.0
Layer 24:	50176.0		589824.0		115605504.0
Layer 25:	200704.0		262144.0		51380224.0
Layer 26:	50176.0		262144.0		51380224.0
Layer 27:	50176.0		589824.0		115605504.0
Layer 28:	200704.0		262144.0		51380224.0
Layer 29:	50176.0		262144.0		51380224.0
Layer 30:	50176.0		589824.0		115605504.0
Layer 31:	200704.0		262144.0		51380224.0
Layer 32:	50176.0		262144.0		51380224.0
Layer 33:	50176.0		589824.0		115605504.0
Layer 34:	200704.0		262144.0		51380224.0
Layer 35:	50176.0		262144.0		51380224.0
Layer 36:	50176.0		589824.0		115605504.0
Layer 37:	200704.0		262144.0		51380224.0
Layer 38:	50176.0		262144.0		51380224.0
Layer 39:	50176.0		589824.0		115605504.0
Layer 40:	200704.0		262144.0		51380224.0
Layer 41:	25088.0		524288.0		25690112.0
Layer 42:	25088.0		2359296.0		115605504.0
Layer 43:	100352.0		1048576.0		51380224.0
Layer 44:	25088.0		1048576.0		51380224.0
Layer 45:	25088.0		2359296.0		115605504.0
Layer 46:	100352.0		1048576.0		51380224.0
Layer 47:	25088.0		1048576.0		51380224.0
Layer 48:	25088.0		2359296.0		115605504.0
Layer 49:	100352.0		1048576.0		51380224.0
Layer 50:	1000.0		0.0		100352000.0
Layer 51:	1000.0		1000000.0		1000000.0
Total activation: 9284560.0items
Total weight: 21661440.0items
Total comp: 7426442368.0items
Max Activation802816.0items
==========SINGLE-NODE===============
maxBatchPerNode: 51.0289630829
==========DATA PARALLELISM==========
maxBatchPerNode: 51.0289630829
==========hMODEL PARALLELISM==========
maxBatchPerNode: 53.3036899191
==========hhMODEL PARALLELISM==========
maxBatchPerNode: 53.3036899191
==========vMODEL PARALLELISM==========
Considering nodeNumber: 2
maxBatchPerNode: 68.1877868448
lastActivation: 50176.0
Considering nodeNumber: 4
maxBatchPerNode: 102.098115033
lastActivation: 351232.0
lastActivation: 351232.0
Considering nodeNumber: 8
maxBatchPerNode: 193.242493398
lastActivation: 577024.0
lastActivation: 577024.0
lastActivation: 577024.0
Considering nodeNumber: 16
maxBatchPerNode: 256.0
lastActivation: 1354752.0
lastActivation: 1354752.0
lastActivation: 1354752.0
lastActivation: 1354752.0
Considering nodeNumber: 32
maxBatchPerNode: 256.0
lastActivation: 3512320.0
lastActivation: 3512320.0
lastActivation: 3512320.0
lastActivation: 3512320.0
lastActivation: 3512320.0
name	B	p	Mem (bytes)	Tcomp (s)	Tcomm(s)	Time(s)	Cost(min*Node)
single	32.0	1	2573000704.0	1022.13400334	0	1022.13400334	18.0
data	256.0	256.0	248282432.0	3.99271095054	69.08584	73.0785509505	512.0
data	256.0	128.0	323273344.0	7.98542190108	68.810072	76.7954939011	256.0
data	256.0	64.0	473255168.0	15.9708438022	68.263536	84.2343798022	128.0
data	256.0	32.0	773218816.0	31.9416876043	67.175464	99.1171516043	64.0
data	256.0	16.0	1373146112.0	63.8833752086	65.00432	128.887695209	48.0
data	256.0	8.0	2573000704.0	127.766750417	60.667032	188.433782417	32.0
hmodel	32.0	2.0	2486354944.0	511.067001669	5707.553664	6218.62066567	208.0
hmodel	32.0	4.0	2443032064.0	255.533500834	8562.890496	8818.42399683	588.0
hmodel	32.0	8.0	2421370624.0	127.766750417	9992.118912	10119.8856624	1352.0
hmodel	32.0	16.0	2410539904.0	63.8833752086	10708.29312	10772.1764952	2880.0
hmodel	32.0	32.0	2405124544.0	31.9416876043	11067.940224	11099.8819116	5920.0
hmodel	32.0	64.0	2402416864.0	15.9708438022	11249.323776	11265.2946198	12032.0
hhmodel-2	64.0	4.0	2486354944.0	255.533500834	2923.11344	3178.64694083	212.0
hhmodel-4	128.0	8.0	2486354944.0	127.766750417	1478.895872	1606.66262242	216.0
hhmodel-8	256.0	16.0	2486354944.0	63.8833752086	743.785224	807.668599209	224.0
hhmodel-2	64.0	8.0	2443032064.0	127.766750417	4316.123552	4443.89030242	600.0
hhmodel-4	128.0	16.0	2443032064.0	63.8833752086	2166.736352	2230.61972721	608.0
hhmodel-8	256.0	32.0	2443032064.0	31.9416876043	1085.53932	1117.4810076	608.0
hhmodel-2	64.0	16.0	2421370624.0	63.8833752086	5013.408608	5077.29198321	1360.0
hhmodel-4	128.0	32.0	2421370624.0	31.9416876043	2511.046592	2542.9882796	1376.0
hhmodel-8	256.0	64.0	2421370624.0	15.9708438022	1256.611368	1272.5822118	1408.0
hhmodel-2	64.0	32.0	2410539904.0	31.9416876043	5362.831136	5394.7728236	2880.0
hhmodel-4	128.0	64.0	2410539904.0	15.9708438022	2683.591712	2699.5625558	2880.0
hhmodel-8	256.0	128.0	2410539904.0	7.98542190108	1342.342392	1350.3278139	2944.0
hhmodel-2	64.0	64.0	2405124544.0	15.9708438022	5538.3224	5554.2932438	5952.0
hhmodel-4	128.0	128.0	2405124544.0	7.98542190108	2770.254272	2778.2396939	6016.0
hhmodel-8	256.0	256.0	2405124544.0	3.99271095054	1385.402904	1389.39561495	6144.0
hhmodel-2	64.0	128.0	2402416864.0	7.98542190108	5626.848032	5634.8334539	12032.0
hhmodel-4	128.0	256.0	2402416864.0	3.99271095054	2813.975552	2817.96826295	12032.0
hhmodel-8	256.0	512.0	2402416864.0	1.99635547527	1407.12816	1409.12451548	12288.0
vmodel2	128.0(64)	2	3676710400.0	1277.66750417	20.5620896	1298.22959377	44.0
vmodel2	128.0(64)	4	2467964416.0	1147.72526025	143.8946272	1291.61988745	88.0
vmodel4	256.0(64)	4	2467964416.0	699.453887037	71.9473136	771.401200637	52.0
vmodel2	64.0(32)	8	620340736.0	1102.64325726	236.4890304	1339.13228766	184.0
vmodel4	128.0(32)	8	620340736.0	631.830882546	118.2445152	750.075397746	104.0
vmodel8	256.0(32)	8	620340736.0	396.424695191	59.1222576	455.546952791	64.0
vmodel2	32.0(16)	16	183533568.0	1071.70462775	555.5064192	1627.21104695	448.0
vmodel4	64.0(16)	16	183533568.0	585.422938288	277.7532096	863.176147888	240.0
vmodel8	128.0(16)	16	183533568.0	342.282093557	138.8766048	481.158698357	144.0
vmodel16	256.0(16)	16	183533568.0	220.711671191	69.4383024	290.149973591	80.0
vmodel2	16.0(8)	32	69830144.0	1055.79333258	1441.126272	2496.91960458	1344.0
vmodel4	32.0(8)	32	69830144.0	561.555995527	720.563136	1282.11913153	704.0
vmodel8	64.0(8)	32	69830144.0	314.437327002	360.281568	674.718895002	384.0
vmodel16	128.0(8)	32	69830144.0	190.87799274	180.140784	371.01877674	224.0
vmodel32	256.0(8)	32	69830144.0	129.098325609	90.070392	219.168717609	128.0
