Read dnn fromResNet50_2K.net
INPUT: 12582912.0
LAYER:	(Activation, Weight, Operations)
Layer 0:	67108864.0		786432.0		90194313216.0
Layer 1:	16777216.0		0.0		9663676416.0
Layer 2:	16777216.0		4096.0		1073741824.0
Layer 3:	16777216.0		36864.0		9663676416.0
Layer 4:	67108864.0		16384.0		42144366592.0
Layer 5:	16777216.0		4096.0		4294967296.0
Layer 6:	16777216.0		36864.0		9663676416.0
Layer 7:	67108864.0		16384.0		42144366592.0
Layer 8:	16777216.0		4096.0		4294967296.0
Layer 9:	16777216.0		36864.0		9663676416.0
Layer 10:	67108864.0		16384.0		42144366592.0
Layer 11:	8388608.0		321536.0		21072183296.0
Layer 12:	8388608.0		1446912.0		94824824832.0
Layer 13:	33554432.0		643072.0		4294967296.0
Layer 14:	8388608.0		65536.0		42144366592.0
Layer 15:	8388608.0		1446912.0		94824824832.0
Layer 16:	33554432.0		643072.0		4294967296.0
Layer 17:	8388608.0		65536.0		42144366592.0
Layer 18:	8388608.0		1446912.0		94824824832.0
Layer 19:	33554432.0		643072.0		4294967296.0
Layer 20:	8388608.0		65536.0		42144366592.0
Layer 21:	8388608.0		1446912.0		94824824832.0
Layer 22:	33554432.0		643072.0		4294967296.0
Layer 23:	4194304.0		131072.0		21072183296.0
Layer 24:	4194304.0		5787648.0		94824824832.0
Layer 25:	16777216.0		2572288.0		4294967296.0
Layer 26:	4194304.0		262144.0		42144366592.0
Layer 27:	4194304.0		5787648.0		94824824832.0
Layer 28:	16777216.0		2572288.0		4294967296.0
Layer 29:	4194304.0		262144.0		42144366592.0
Layer 30:	4194304.0		5787648.0		94824824832.0
Layer 31:	16777216.0		2572288.0		4294967296.0
Layer 32:	4194304.0		262144.0		42144366592.0
Layer 33:	4194304.0		5787648.0		94824824832.0
Layer 34:	16777216.0		2572288.0		4294967296.0
Layer 35:	4194304.0		262144.0		42144366592.0
Layer 36:	4194304.0		5787648.0		94824824832.0
Layer 37:	16777216.0		2572288.0		4294967296.0
Layer 38:	4194304.0		262144.0		42144366592.0
Layer 39:	4194304.0		5787648.0		94824824832.0
Layer 40:	16777216.0		2572288.0		4294967296.0
Layer 41:	2097152.0		524288.0		2147483648.0
Layer 42:	2097152.0		2359296.0		9663676416.0
Layer 43:	8388608.0		1048576.0		4294967296.0
Layer 44:	2097152.0		1048576.0		4294967296.0
Layer 45:	2097152.0		2359296.0		9663676416.0
Layer 46:	8388608.0		1048576.0		4294967296.0
Layer 47:	2097152.0		1048576.0		4294967296.0
Layer 48:	2097152.0		2359296.0		9663676416.0
Layer 49:	8388608.0		1048576.0		4294967296.0
Layer 50:	1000.0		0.0		8388608000.0
Layer 51:	1000.0		1000000.0		1000000.0
Total activation: 775948240.0items
Total weight: 75283008.0items
Total comp: 3.39289194611e+12items
Max Activation67108864.0items
==========SINGLE-NODE===============
maxBatchPerNode: 2.46052073532
mem4Sample6860181632.0
==========DATA PARALLELISM==========
maxBatchPerNode: 2.46052073532
mem4Sample6860181632.0
==========hMODEL PARALLELISM==========
maxBatchPerNode: 2.55525731208
mem4Sample6267327944.0
==========hhMODEL PARALLELISM==========
maxBatchPerNode: 2.55525731208
==========vMODEL PARALLELISM==========
Considering nodeNumber: 2
maxBatchPerNode: 3.29486592611
mem4Sample4827693056.0
lastActivation: 4194304.0
Considering nodeNumber: 4
maxBatchPerNode: 4.36713822391
mem4Sample3601031168.0
lastActivation: 16777216.0
Considering nodeNumber: 8
maxBatchPerNode: 6.35495117188
mem4Sample2439938048.0
lastActivation: 50331648.0
Considering nodeNumber: 16
Cannot split model
name	B	p	Mem (bytes)	Tcomp (s)	Tcomm(s)	Time(s)	Cost(min*Node)
single	2.0	1	13118099200.0	466978.676454	0	466978.676454	7783.0
data	256.0	256.0	6860181632.0	1824.1354549	240.004588	2064.1400429	8960.0
data	256.0	128.0	13118099200.0	3648.2709098	239.0585504	3887.3294602	8320.0
hmodel	2.0	2.0	12816967168.0	233489.338227	476792.518656	710281.856883	23678.0
hmodel	2.0	4.0	12666401152.0	116744.669114	715213.737984	831958.407098	55464.0
hmodel	2.0	8.0	12591118144.0	58372.3345568	834449.307648	892821.642205	119048.0
hmodel	2.0	16.0	12553476640.0	29186.1672784	894092.05248	923278.219758	246208.0
hmodel	2.0	32.0	12534655888.0	14593.0836392	923938.384896	938531.468535	500576.0
hmodel	2.0	64.0	12525245512.0	7296.5418196	938886.511104	946183.052924	1009280.0
hhmodel-2	4.0	4.0	12816967168.0	116744.669114	242251.069338	358995.738451	23936.0
hhmodel-4	8.0	8.0	12816967168.0	58372.3345568	122089.317171	180461.651728	24064.0
hhmodel-8	16.0	16.0	12816967168.0	29186.1672784	61285.6442112	90471.8114896	24128.0
hhmodel-16	32.0	32.0	12816967168.0	14593.0836392	30703.088512	45296.1721512	24160.0
hhmodel-32	64.0	64.0	12816967168.0	7296.5418196	15366.6208576	22663.1626772	24192.0
hhmodel-64	128.0	128.0	12816967168.0	3648.2709098	7687.0845792	11335.355489	24192.0
hhmodel-128	256.0	256.0	12816967168.0	1824.1354549	3844.4883272	5668.6237821	24320.0
hhmodel-2	4.0	8.0	12666401152.0	58372.3345568	359534.433997	417906.768554	55728.0
hhmodel-4	8.0	16.0	12666401152.0	29186.1672784	180249.18825	209435.355528	55856.0
hhmodel-8	16.0	32.0	12666401152.0	14593.0836392	90245.1269376	104838.210577	55936.0
hhmodel-16	32.0	64.0	12666401152.0	7296.5418196	45152.716672	52449.2584916	56000.0
hhmodel-32	64.0	128.0	12666401152.0	3648.2709098	22583.9066368	26232.1775466	56064.0
hhmodel-64	128.0	256.0	12666401152.0	1824.1354549	11293.8453936	13117.9808485	56064.0
hhmodel-128	256.0	512.0	12666401152.0	912.067727449	5647.3982156	6559.46594305	56320.0
hhmodel-2	4.0	16.0	12591118144.0	29186.1672784	418188.596326	447374.763605	119312.0
hhmodel-4	8.0	32.0	12591118144.0	14593.0836392	209335.363789	223928.447428	119456.0
hhmodel-8	16.0	64.0	12591118144.0	7296.5418196	104727.988301	112024.53012	119552.0
hhmodel-16	32.0	128.0	12591118144.0	3648.2709098	52379.090752	56027.3616618	119552.0
hhmodel-32	64.0	256.0	12591118144.0	1824.1354549	26193.3295264	28017.4649813	119552.0
hhmodel-64	128.0	512.0	12591118144.0	912.067727449	13097.6158008	14009.6835282	119808.0
hhmodel-128	256.0	1024.0	12591118144.0	456.033863725	6549.0481598	7005.08202352	119808.0
hhmodel-2	4.0	32.0	12553476640.0	14593.0836392	447528.157491	462121.24113	246496.0
hhmodel-4	8.0	64.0	12553476640.0	7296.5418196	223884.691558	231181.233378	246656.0
hhmodel-8	16.0	128.0	12553476640.0	3648.2709098	111972.538982	115620.809892	246784.0
hhmodel-16	32.0	256.0	12553476640.0	1824.1354549	55993.837792	57817.9732469	246784.0
hhmodel-32	64.0	512.0	12553476640.0	912.067727449	27998.8209712	28910.8886986	246784.0
hhmodel-64	128.0	1024.0	12553476640.0	456.033863725	13999.8910044	14455.9248681	246784.0
hhmodel-128	256.0	2048.0	12553476640.0	228.016931862	7000.0681319	7228.08506376	247808.0
hhmodel-2	4.0	64.0	12534655888.0	7296.5418196	462210.418074	469506.959893	500864.0
hhmodel-4	8.0	128.0	12534655888.0	3648.2709098	231165.595443	234813.866353	500992.0
hhmodel-8	16.0	256.0	12534655888.0	1824.1354549	115597.934323	117422.069778	501248.0
hhmodel-16	32.0	512.0	12534655888.0	912.067727449	57802.771312	58714.8390394	501248.0
hhmodel-32	64.0	1024.0	12534655888.0	456.033863725	28902.3466936	29358.3805573	501760.0
hhmodel-64	128.0	2048.0	12534655888.0	228.016931862	14451.4186062	14679.4355381	501760.0
hhmodel-128	256.0	4096.0	12534655888.0	114.008465931	7225.77311795	7339.78158388	503808.0
hhmodel-2	4.0	128.0	12525245512.0	3648.2709098	469564.028365	473212.299275	1009536.0
hhmodel-4	8.0	256.0	12525245512.0	1824.1354549	234812.287386	236636.42284	1009664.0
hhmodel-8	16.0	512.0	12525245512.0	912.067727449	117413.751994	118325.819721	1010176.0
hhmodel-16	32.0	1024.0	12525245512.0	456.033863725	58708.798072	59164.8319357	1010688.0
hhmodel-32	64.0	2048.0	12525245512.0	228.016931862	29354.8895548	29582.9064867	1011712.0
hhmodel-64	128.0	4096.0	12525245512.0	114.008465931	14677.5724071	14791.580873	1011712.0
hhmodel-128	256.0	8192.0	12525245512.0	57.0042329656	7338.82061097	7395.82484394	1015808.0
vmodel2	4.0(2)	2	9575645184.0	583723.345568	1718.3069184	585441.652486	19516.0
vmodel4	16.0(4)	4	14321672192.0	323288.894772	3436.2138368	326725.108609	21784.0
vmodel8	32.0(4)	8	9738027008.0	167289.165427	5154.2407552	172443.406182	23000.0


name	B	p	Mem (bytes)	Tcomp (s)	Tcomm(s)	Time(s)	Cost(min*Node)
imodel2	4.0(2)	4(2x2)	10044882944.0	578654.478248	3008.0643072	581662.542555	38780.0
imodel2	4.0(2)	8(4x2)	10044620800.0	577563.418007	3653.4230016	581216.841009	77496.0
imodel2	4.0(2)	16(8x2)	10044489728.0	577017.887887	3976.5823488	580994.470236	154944.0
imodel2	4.0(2)	32(16x2)	10044424192.0	576745.122827	4138.6420224	580883.764849	309824.0
imodel2	4.0(2)	64(32x2)	10044391424.0	576608.740297	4220.1518592	580828.892156	619584.0
imodel2	4.0(2)	128(64x2)	10044375040.0	576540.549032	4261.3867776	580801.93581	1239168.0
imodel4	16.0(4)	8(2x4)	15126716416.0	306555.599874	6013.8278144	312569.427689	41680.0
imodel4	16.0(4)	16(4x4)	15126585344.0	305496.290064	7302.8748032	312799.164867	83424.0
imodel4	16.0(4)	32(8x4)	15126519808.0	304966.635159	7947.6382976	312914.273456	166912.0
imodel4	16.0(4)	64(16x4)	15126487040.0	304701.807706	8270.2600448	312972.067751	333888.0
imodel4	16.0(4)	128(32x4)	15126470656.0	304569.39398	8431.8109184	313001.204898	667776.0
imodel4	16.0(4)	256(64x4)	15126462464.0	304503.187117	8512.8263552	313016.013472	1335552.0
imodel8	32.0(4)	16(2x8)	11348623360.0	149224.135911	9020.2681216	158244.404033	42208.0
imodel8	32.0(4)	32(4x8)	11348615168.0	144436.459665	10953.5218048	155389.98147	82880.0
imodel8	32.0(4)	64(8x8)	11348611072.0	142042.621542	11920.3886464	153963.010189	164288.0
imodel8	32.0(4)	128(16x8)	11348609024.0	140845.702481	12404.0620672	153249.764548	327040.0
imodel8	32.0(4)	256(32x8)	11348608000.0	140247.24295	12646.1387776	152893.381728	652544.0
imodel8	32.0(4)	512(64x8)	11348607488.0	139948.013185	12767.4171328	152715.430318	1303552.0
