Read dnn fromResNet50.net
INPUT: 178608.0
LAYER:	(Activation, Weight, Operations)
Layer 0:	802816.0		9408.0		118013952.0
Layer 1:	200704.0		0.0		115605504.0
Layer 2:	200704.0		4096.0		12845056.0
Layer 3:	200704.0		36864.0		115605504.0
Layer 4:	802816.0		16384.0		51380224.0
Layer 5:	200704.0		4096.0		51380224.0
Layer 6:	200704.0		36864.0		115605504.0
Layer 7:	802816.0		16384.0		51380224.0
Layer 8:	200704.0		4096.0		51380224.0
Layer 9:	200704.0		36864.0		115605504.0
Layer 10:	802816.0		16384.0		51380224.0
Layer 11:	100352.0		32768.0		25690112.0
Layer 12:	100352.0		147456.0		115605504.0
Layer 13:	401408.0		65536.0		51380224.0
Layer 14:	100352.0		65536.0		51380224.0
Layer 15:	100352.0		147456.0		115605504.0
Layer 16:	401408.0		65536.0		51380224.0
Layer 17:	100352.0		65536.0		51380224.0
Layer 18:	100352.0		147456.0		115605504.0
Layer 19:	401408.0		65536.0		51380224.0
Layer 20:	100352.0		65536.0		51380224.0
Layer 21:	100352.0		147456.0		115605504.0
Layer 22:	401408.0		65536.0		51380224.0
Layer 23:	50176.0		131072.0		25690112.0
Layer 24:	50176.0		589824.0		115605504.0
Layer 25:	200704.0		262144.0		51380224.0
Layer 26:	50176.0		262144.0		51380224.0
Layer 27:	50176.0		589824.0		115605504.0
Layer 28:	200704.0		262144.0		51380224.0
Layer 29:	50176.0		262144.0		51380224.0
Layer 30:	50176.0		589824.0		115605504.0
Layer 31:	200704.0		262144.0		51380224.0
Layer 32:	50176.0		262144.0		51380224.0
Layer 33:	50176.0		589824.0		115605504.0
Layer 34:	200704.0		262144.0		51380224.0
Layer 35:	50176.0		262144.0		51380224.0
Layer 36:	50176.0		589824.0		115605504.0
Layer 37:	200704.0		262144.0		51380224.0
Layer 38:	50176.0		262144.0		51380224.0
Layer 39:	50176.0		589824.0		115605504.0
Layer 40:	200704.0		262144.0		51380224.0
Layer 41:	25088.0		524288.0		25690112.0
Layer 42:	25088.0		2359296.0		115605504.0
Layer 43:	100352.0		1048576.0		51380224.0
Layer 44:	25088.0		1048576.0		51380224.0
Layer 45:	25088.0		2359296.0		115605504.0
Layer 46:	100352.0		1048576.0		51380224.0
Layer 47:	25088.0		1048576.0		51380224.0
Layer 48:	25088.0		2359296.0		115605504.0
Layer 49:	100352.0		1048576.0		51380224.0
Layer 50:	1000.0		0.0		100352000.0
Layer 51:	1000.0		1000000.0		1000000.0
Total activation: 9284560.0items
Total weight: 21661440.0items
Total comp: 7426442368.0items
Max Activation802816.0items
==========SINGLE-NODE===============
maxBatchPerNode: 11.0241155622
==========DATA PARALLELISM==========
maxBatchPerNode: 11.0241155622
==========hMODEL PARALLELISM==========
maxBatchPerNode: 13.2988423984
==========hhMODEL PARALLELISM==========
maxBatchPerNode: 13.2988423984
==========vMODEL PARALLELISM==========
Considering nodeNumber: 2
maxBatchPerNode: 16.8432444274
lastActivation: 50176.0
Considering nodeNumber: 4
maxBatchPerNode: 25.4917093484
lastActivation: 351232.0
Considering nodeNumber: 8
maxBatchPerNode: 48.2900841729
lastActivation: 577024.0
Considering nodeNumber: 16
maxBatchPerNode: 83.000212585
lastActivation: 1354752.0
Considering nodeNumber: 32
maxBatchPerNode: 113.219213822
lastActivation: 3512320.0
name	B	p	Mem (bytes)	Tcomp (s)	Tcomm(s)	Time(s)	Cost(min*Node)
single	8.0	1	773218816.0	1022.13400334	0	1022.13400334	18.0
data	256.0	256.0	248282432.0	3.99271095054	69.08584	73.0785509505	512.0
data	256.0	128.0	323273344.0	7.98542190108	68.810072	76.7954939011	256.0
data	256.0	64.0	473255168.0	15.9708438022	68.263536	84.2343798022	128.0
data	256.0	32.0	773218816.0	31.9416876043	67.175464	99.1171516043	64.0
hmodel	8.0	2.0	686573056.0	511.067001669	5716.913664	6227.98066567	208.0
hmodel	8.0	4.0	643250176.0	255.533500834	8581.610496	8837.14399683	592.0
hmodel	8.0	8.0	621588736.0	127.766750417	10020.198912	10147.9656624	1360.0
hmodel	8.0	16.0	610758016.0	63.8833752086	10745.73312	10809.6164952	2896.0
hmodel	8.0	32.0	605342656.0	31.9416876043	11114.740224	11146.6819116	5952.0
hmodel	8.0	64.0	602634976.0	15.9708438022	11305.483776	11321.4546198	12096.0
hhmodel-2	16.0	4.0	686573056.0	255.533500834	3135.803264	3391.33676483	228.0
hhmodel-4	32.0	8.0	686573056.0	127.766750417	1637.25824	1765.02499042	240.0
hhmodel-8	64.0	16.0	686573056.0	63.8833752086	835.978272	899.861647209	240.0
hhmodel-16	128.0	32.0	686573056.0	31.9416876043	422.331424	454.273111604	256.0
hhmodel-32	256.0	64.0	686573056.0	15.9708438022	212.253784	228.224627802	256.0
hhmodel-2	16.0	8.0	643250176.0	127.766750417	4429.518464	4557.28521442	608.0
hhmodel-4	32.0	16.0	643250176.0	63.8833752086	2249.457536	2313.34091121	624.0
hhmodel-8	64.0	32.0	643250176.0	31.9416876043	1133.413344	1165.3550316	640.0
hhmodel-16	128.0	64.0	643250176.0	15.9708438022	568.882816	584.853659802	640.0
hhmodel-32	256.0	128.0	643250176.0	7.98542190108	284.987944	292.973365901	640.0
hhmodel-2	16.0	16.0	621588736.0	63.8833752086	5079.496064	5143.37943921	1376.0
hhmodel-4	32.0	32.0	621588736.0	31.9416876043	2557.117184	2589.0588716	1408.0
hhmodel-8	64.0	64.0	621588736.0	15.9708438022	1282.91088	1298.8817238	1408.0
hhmodel-16	128.0	128.0	621588736.0	7.98542190108	642.548512	650.533933901	1408.0
hhmodel-32	256.0	256.0	621588736.0	3.99271095054	321.550024	325.542734951	1536.0
hhmodel-2	16.0	32.0	610758016.0	31.9416876043	5407.604864	5439.5465516	2912.0
hhmodel-4	32.0	64.0	610758016.0	15.9708438022	2712.507008	2728.4778518	2944.0
hhmodel-8	64.0	128.0	610758016.0	7.98542190108	1358.439648	1366.4250699	2944.0
hhmodel-16	128.0	256.0	610758016.0	3.99271095054	679.77136	683.764070951	3072.0
hhmodel-32	256.0	512.0	610758016.0	1.99635547527	340.026064	342.022419475	3072.0
hhmodel-2	16.0	64.0	605342656.0	15.9708438022	5574.779264	5590.7501078	6016.0
hhmodel-4	32.0	128.0	605342656.0	7.98542190108	2791.76192	2799.7473419	6016.0
hhmodel-8	64.0	256.0	605342656.0	3.99271095054	1396.984032	1400.97674295	6144.0
hhmodel-16	128.0	512.0	605342656.0	1.99635547527	698.772784	700.769139475	6144.0
hhmodel-32	256.0	1024.0	605342656.0	0.998177737634	349.459084	350.457261738	6144.0
hhmodel-2	16.0	128.0	602634976.0	7.98542190108	5661.486464	5669.4718859	12160.0
hhmodel-4	32.0	256.0	602634976.0	3.99271095054	2832.949376	2836.94208695	12288.0
hhmodel-8	64.0	512.0	602634976.0	1.99635547527	1417.036224	1419.03257948	12288.0
hhmodel-16	128.0	1024.0	602634976.0	0.998177737634	708.663496	709.661673738	12288.0
hhmodel-32	256.0	2048.0	602634976.0	0.499088868817	354.370594	354.869682869	12288.0
vmodel2	32.0(16)	2	931079680.0	1277.66750417	20.5920896	1298.25959377	44.0
vmodel4	64.0(16)	4	618276352.0	699.453887037	71.9923136	771.446200637	52.0
vmodel8	256.0(32)	8	620340736.0	396.424695191	59.1222576	455.546952791	64.0
vmodel16	256.0(16)	16	183533568.0	220.711671191	69.4383024	290.149973591	80.0
vmodel32	256.0(8)	32	69830144.0	129.098325609	90.070392	219.168717609	128.0
