Read dnn fromResNet50.net
INPUT: 178608.0
LAYER:	(Activation, Weight, Operations)
Layer 0:	802816.0		9408.0		118013952.0
Layer 1:	200704.0		0.0		115605504.0
Layer 2:	200704.0		4096.0		12845056.0
Layer 3:	200704.0		36864.0		115605504.0
Layer 4:	802816.0		16384.0		51380224.0
Layer 5:	200704.0		4096.0		51380224.0
Layer 6:	200704.0		36864.0		115605504.0
Layer 7:	802816.0		16384.0		51380224.0
Layer 8:	200704.0		4096.0		51380224.0
Layer 9:	200704.0		36864.0		115605504.0
Layer 10:	802816.0		16384.0		51380224.0
Layer 11:	100352.0		32768.0		25690112.0
Layer 12:	100352.0		147456.0		115605504.0
Layer 13:	401408.0		65536.0		51380224.0
Layer 14:	100352.0		65536.0		51380224.0
Layer 15:	100352.0		147456.0		115605504.0
Layer 16:	401408.0		65536.0		51380224.0
Layer 17:	100352.0		65536.0		51380224.0
Layer 18:	100352.0		147456.0		115605504.0
Layer 19:	401408.0		65536.0		51380224.0
Layer 20:	100352.0		65536.0		51380224.0
Layer 21:	100352.0		147456.0		115605504.0
Layer 22:	401408.0		65536.0		51380224.0
Layer 23:	50176.0		131072.0		25690112.0
Layer 24:	50176.0		589824.0		115605504.0
Layer 25:	200704.0		262144.0		51380224.0
Layer 26:	50176.0		262144.0		51380224.0
Layer 27:	50176.0		589824.0		115605504.0
Layer 28:	200704.0		262144.0		51380224.0
Layer 29:	50176.0		262144.0		51380224.0
Layer 30:	50176.0		589824.0		115605504.0
Layer 31:	200704.0		262144.0		51380224.0
Layer 32:	50176.0		262144.0		51380224.0
Layer 33:	50176.0		589824.0		115605504.0
Layer 34:	200704.0		262144.0		51380224.0
Layer 35:	50176.0		262144.0		51380224.0
Layer 36:	50176.0		589824.0		115605504.0
Layer 37:	200704.0		262144.0		51380224.0
Layer 38:	50176.0		262144.0		51380224.0
Layer 39:	50176.0		589824.0		115605504.0
Layer 40:	200704.0		262144.0		51380224.0
Layer 41:	25088.0		524288.0		25690112.0
Layer 42:	25088.0		2359296.0		115605504.0
Layer 43:	100352.0		1048576.0		51380224.0
Layer 44:	25088.0		1048576.0		51380224.0
Layer 45:	25088.0		2359296.0		115605504.0
Layer 46:	100352.0		1048576.0		51380224.0
Layer 47:	25088.0		1048576.0		51380224.0
Layer 48:	25088.0		2359296.0		115605504.0
Layer 49:	100352.0		1048576.0		51380224.0
Layer 50:	1000.0		0.0		100352000.0
Layer 51:	1000.0		1000000.0		1000000.0
Total activation: 9284560.0items
Total weight: 21661440.0items
Total comp: 7426442368.0items
Max Activation802816.0items
==========SINGLE-NODE===============
maxBatchPerNode: 24.3590647357
==========DATA PARALLELISM==========
maxBatchPerNode: 24.3590647357
==========hMODEL PARALLELISM==========
maxBatchPerNode: 26.633791572
==========hhMODEL PARALLELISM==========
maxBatchPerNode: 26.633791572
==========vMODEL PARALLELISM==========
Considering nodeNumber: 2
maxBatchPerNode: 33.9580918999
lastActivation: 50176.0
Considering nodeNumber: 4
maxBatchPerNode: 51.0271779099
lastActivation: 351232.0
lastActivation: 351232.0
Considering nodeNumber: 8
maxBatchPerNode: 96.6075539146
lastActivation: 577024.0
lastActivation: 577024.0
lastActivation: 577024.0
Considering nodeNumber: 16
maxBatchPerNode: 166.041241497
lastActivation: 1354752.0
lastActivation: 1354752.0
lastActivation: 1354752.0
lastActivation: 1354752.0
Considering nodeNumber: 32
maxBatchPerNode: 226.456980519
lastActivation: 3512320.0
lastActivation: 3512320.0
lastActivation: 3512320.0
lastActivation: 3512320.0
lastActivation: 3512320.0
name	B	p	Mem (bytes)	Tcomp (s)	Tcomm(s)	Time(s)	Cost(min*Node)
single	16.0	1	1373146112.0	1022.13400334	0	1022.13400334	18.0
data	256.0	256.0	248282432.0	3.99271095054	69.08584	73.0785509505	512.0
data	256.0	128.0	323273344.0	7.98542190108	68.810072	76.7954939011	256.0
data	256.0	64.0	473255168.0	15.9708438022	68.263536	84.2343798022	128.0
data	256.0	32.0	773218816.0	31.9416876043	67.175464	99.1171516043	64.0
data	256.0	16.0	1373146112.0	63.8833752086	65.00432	128.887695209	48.0
hmodel	16.0	2.0	1286500352.0	511.067001669	5710.673664	6221.74066567	208.0
hmodel	16.0	4.0	1243177472.0	255.533500834	8569.130496	8824.66399683	592.0
hmodel	16.0	8.0	1221516032.0	127.766750417	10001.478912	10129.2456624	1352.0
hmodel	16.0	16.0	1210685312.0	63.8833752086	10720.77312	10784.6564952	2880.0
hmodel	16.0	32.0	1205269952.0	31.9416876043	11083.540224	11115.4819116	5952.0
hmodel	16.0	64.0	1202562272.0	15.9708438022	11268.043776	11284.0146198	12096.0
hhmodel-2	32.0	4.0	1286500352.0	255.533500834	2994.010048	3249.54354883	220.0
hhmodel-4	64.0	8.0	1286500352.0	127.766750417	1531.683328	1659.45007842	224.0
hhmodel-8	128.0	16.0	1286500352.0	63.8833752086	774.51624	838.399615209	224.0
hhmodel-16	256.0	32.0	1286500352.0	31.9416876043	389.429264	421.370951604	256.0
hhmodel-2	32.0	8.0	1243177472.0	127.766750417	4353.921856	4481.68860642	600.0
hhmodel-4	64.0	16.0	1243177472.0	63.8833752086	2194.31008	2258.19345521	608.0
hhmodel-8	128.0	32.0	1243177472.0	31.9416876043	1101.497328	1133.4390156	608.0
hhmodel-16	256.0	64.0	1243177472.0	15.9708438022	551.836736	567.807579802	640.0
hhmodel-2	32.0	16.0	1221516032.0	63.8833752086	5035.43776	5099.32113521	1360.0
hhmodel-4	64.0	32.0	1221516032.0	31.9416876043	2526.403456	2558.3451436	1376.0
hhmodel-8	128.0	64.0	1221516032.0	15.9708438022	1265.377872	1281.3487158	1408.0
hhmodel-16	256.0	128.0	1221516032.0	7.98542190108	633.235472	641.220893901	1408.0
hhmodel-2	32.0	32.0	1210685312.0	31.9416876043	5377.755712	5409.6973996	2912.0
hhmodel-4	64.0	64.0	1210685312.0	15.9708438022	2693.230144	2709.2009878	2944.0
hhmodel-8	128.0	128.0	1210685312.0	7.98542190108	1347.708144	1355.6935659	2944.0
hhmodel-16	256.0	256.0	1210685312.0	3.99271095054	674.12984	678.122550951	3072.0
hhmodel-2	32.0	64.0	1205269952.0	15.9708438022	5550.474688	5566.4455318	5952.0
hhmodel-4	64.0	128.0	1205269952.0	7.98542190108	2777.423488	2785.4089099	6016.0
hhmodel-8	128.0	256.0	1205269952.0	3.99271095054	1389.26328	1393.25599095	6144.0
hhmodel-16	256.0	512.0	1205269952.0	1.99635547527	694.772024	696.768379475	6144.0
hhmodel-2	32.0	128.0	1202562272.0	7.98542190108	5638.394176	5646.3795979	12160.0
hhmodel-4	64.0	256.0	1202562272.0	3.99271095054	2820.30016	2824.29287095	12288.0
hhmodel-8	128.0	512.0	1202562272.0	1.99635547527	1410.430848	1412.42720348	12288.0
hhmodel-16	256.0	1024.0	1202562272.0	0.998177737634	705.288116	706.286293738	12288.0
vmodel2	64.0(32)	2	1846289920.0	1277.66750417	20.5720896	1298.23959377	44.0
vmodel2	64.0(32)	4	1234839040.0	1147.72526025	143.9246272	1291.64988745	88.0
vmodel4	128.0(32)	4	1234839040.0	699.453887037	71.9623136	771.416200637	52.0
vmodel2	64.0(32)	8	620340736.0	1102.64325726	236.4890304	1339.13228766	184.0
vmodel4	128.0(32)	8	620340736.0	631.830882546	118.2445152	750.075397746	104.0
vmodel8	256.0(32)	8	620340736.0	396.424695191	59.1222576	455.546952791	64.0
vmodel2	32.0(16)	16	183533568.0	1071.70462775	555.5064192	1627.21104695	448.0
vmodel4	64.0(16)	16	183533568.0	585.422938288	277.7532096	863.176147888	240.0
vmodel8	128.0(16)	16	183533568.0	342.282093557	138.8766048	481.158698357	144.0
vmodel16	256.0(16)	16	183533568.0	220.711671191	69.4383024	290.149973591	80.0
vmodel2	16.0(8)	32	69830144.0	1055.79333258	1441.126272	2496.91960458	1344.0
vmodel4	32.0(8)	32	69830144.0	561.555995527	720.563136	1282.11913153	704.0
vmodel8	64.0(8)	32	69830144.0	314.437327002	360.281568	674.718895002	384.0
vmodel16	128.0(8)	32	69830144.0	190.87799274	180.140784	371.01877674	224.0
vmodel32	256.0(8)	32	69830144.0	129.098325609	90.070392	219.168717609	128.0
