Read dnn fromResNet50_2K.net
INPUT: 12582912.0
LAYER:	(Activation, Weight, Operations)
Layer 0:	67108864.0		786432.0		90194313216.0
Layer 1:	16777216.0		0.0		9663676416.0
Layer 2:	16777216.0		4096.0		1073741824.0
Layer 3:	16777216.0		36864.0		9663676416.0
Layer 4:	67108864.0		16384.0		42144366592.0
Layer 5:	16777216.0		4096.0		4294967296.0
Layer 6:	16777216.0		36864.0		9663676416.0
Layer 7:	67108864.0		16384.0		42144366592.0
Layer 8:	16777216.0		4096.0		4294967296.0
Layer 9:	16777216.0		36864.0		9663676416.0
Layer 10:	67108864.0		16384.0		42144366592.0
Layer 11:	8388608.0		321536.0		21072183296.0
Layer 12:	8388608.0		1446912.0		94824824832.0
Layer 13:	33554432.0		643072.0		4294967296.0
Layer 14:	8388608.0		65536.0		42144366592.0
Layer 15:	8388608.0		1446912.0		94824824832.0
Layer 16:	33554432.0		643072.0		4294967296.0
Layer 17:	8388608.0		65536.0		42144366592.0
Layer 18:	8388608.0		1446912.0		94824824832.0
Layer 19:	33554432.0		643072.0		4294967296.0
Layer 20:	8388608.0		65536.0		42144366592.0
Layer 21:	8388608.0		1446912.0		94824824832.0
Layer 22:	33554432.0		643072.0		4294967296.0
Layer 23:	4194304.0		131072.0		21072183296.0
Layer 24:	4194304.0		5787648.0		94824824832.0
Layer 25:	16777216.0		2572288.0		4294967296.0
Layer 26:	4194304.0		262144.0		42144366592.0
Layer 27:	4194304.0		5787648.0		94824824832.0
Layer 28:	16777216.0		2572288.0		4294967296.0
Layer 29:	4194304.0		262144.0		42144366592.0
Layer 30:	4194304.0		5787648.0		94824824832.0
Layer 31:	16777216.0		2572288.0		4294967296.0
Layer 32:	4194304.0		262144.0		42144366592.0
Layer 33:	4194304.0		5787648.0		94824824832.0
Layer 34:	16777216.0		2572288.0		4294967296.0
Layer 35:	4194304.0		262144.0		42144366592.0
Layer 36:	4194304.0		5787648.0		94824824832.0
Layer 37:	16777216.0		2572288.0		4294967296.0
Layer 38:	4194304.0		262144.0		42144366592.0
Layer 39:	4194304.0		5787648.0		94824824832.0
Layer 40:	16777216.0		2572288.0		4294967296.0
Layer 41:	2097152.0		524288.0		2147483648.0
Layer 42:	2097152.0		2359296.0		9663676416.0
Layer 43:	8388608.0		1048576.0		4294967296.0
Layer 44:	2097152.0		1048576.0		4294967296.0
Layer 45:	2097152.0		2359296.0		9663676416.0
Layer 46:	8388608.0		1048576.0		4294967296.0
Layer 47:	2097152.0		1048576.0		4294967296.0
Layer 48:	2097152.0		2359296.0		9663676416.0
Layer 49:	8388608.0		1048576.0		4294967296.0
Layer 50:	1000.0		0.0		8388608000.0
Layer 51:	1000.0		1000000.0		1000000.0
Total activation: 775948240.0items
Total weight: 75283008.0items
Total comp: 3.39289194611e+12items
Max Activation67108864.0items
==========SINGLE-NODE===============
Not enough memory to store model
mem4Sample6860181632.0
==========DATA PARALLELISM==========
Not enough memory to store model
mem4Sample6860181632.0
==========hMODEL PARALLELISM==========
Not enough memory to store model
mem4Sample6267327944.0
==========hhMODEL PARALLELISM==========
Not enough memory to store model
mem4Sample6267327944.0
==========vMODEL PARALLELISM==========
Considering nodeNumber: 2
Not enough memory to store model
mem4Sample4827693056.0
Considering nodeNumber: 4
maxBatchPerNode: 1.08614860325
mem4Sample3601031168.0
lastActivation: 16777216.0
Considering nodeNumber: 8
maxBatchPerNode: 1.58657958984
mem4Sample2439938048.0
lastActivation: 50331648.0
Considering nodeNumber: 16
Cannot split model
name	B	p	Mem (bytes)	Tcomp (s)	Tcomm(s)	Time(s)	Cost(min*Node)
vmodel4	4.0(1)	4	3601031168.0	323288.894772	3436.9338368	326725.828609	21784.0
vmodel8	8.0(1)	8	2439938048.0	167289.165427	5155.0807552	172444.246182	23000.0
