Read dnn fromResNet50.net
INPUT: 178608.0
LAYER:	(Activation, Weight, Operations)
Layer 0:	802816.0		9408.0		118013952.0
Layer 1:	200704.0		0.0		115605504.0
Layer 2:	200704.0		4096.0		12845056.0
Layer 3:	200704.0		36864.0		115605504.0
Layer 4:	802816.0		16384.0		51380224.0
Layer 5:	200704.0		4096.0		51380224.0
Layer 6:	200704.0		36864.0		115605504.0
Layer 7:	802816.0		16384.0		51380224.0
Layer 8:	200704.0		4096.0		51380224.0
Layer 9:	200704.0		36864.0		115605504.0
Layer 10:	802816.0		16384.0		51380224.0
Layer 11:	100352.0		32768.0		25690112.0
Layer 12:	100352.0		147456.0		115605504.0
Layer 13:	401408.0		65536.0		51380224.0
Layer 14:	100352.0		65536.0		51380224.0
Layer 15:	100352.0		147456.0		115605504.0
Layer 16:	401408.0		65536.0		51380224.0
Layer 17:	100352.0		65536.0		51380224.0
Layer 18:	100352.0		147456.0		115605504.0
Layer 19:	401408.0		65536.0		51380224.0
Layer 20:	100352.0		65536.0		51380224.0
Layer 21:	100352.0		147456.0		115605504.0
Layer 22:	401408.0		65536.0		51380224.0
Layer 23:	50176.0		131072.0		25690112.0
Layer 24:	50176.0		589824.0		115605504.0
Layer 25:	200704.0		262144.0		51380224.0
Layer 26:	50176.0		262144.0		51380224.0
Layer 27:	50176.0		589824.0		115605504.0
Layer 28:	200704.0		262144.0		51380224.0
Layer 29:	50176.0		262144.0		51380224.0
Layer 30:	50176.0		589824.0		115605504.0
Layer 31:	200704.0		262144.0		51380224.0
Layer 32:	50176.0		262144.0		51380224.0
Layer 33:	50176.0		589824.0		115605504.0
Layer 34:	200704.0		262144.0		51380224.0
Layer 35:	50176.0		262144.0		51380224.0
Layer 36:	50176.0		589824.0		115605504.0
Layer 37:	200704.0		262144.0		51380224.0
Layer 38:	50176.0		262144.0		51380224.0
Layer 39:	50176.0		589824.0		115605504.0
Layer 40:	200704.0		262144.0		51380224.0
Layer 41:	25088.0		524288.0		25690112.0
Layer 42:	25088.0		2359296.0		115605504.0
Layer 43:	100352.0		1048576.0		51380224.0
Layer 44:	25088.0		1048576.0		51380224.0
Layer 45:	25088.0		2359296.0		115605504.0
Layer 46:	100352.0		1048576.0		51380224.0
Layer 47:	25088.0		1048576.0		51380224.0
Layer 48:	25088.0		2359296.0		115605504.0
Layer 49:	100352.0		1048576.0		51380224.0
Layer 50:	1000.0		0.0		100352000.0
Layer 51:	1000.0		1000000.0		1000000.0
Total activation: 9284560.0items
Total weight: 21661440.0items
Total comp: 7426442368.0items
Max Activation802816.0items
==========SINGLE-NODE===============
maxBatchPerNode: 211.048353166
mem4Sample248282432.0
==========DATA PARALLELISM==========
maxBatchPerNode: 211.048353166
mem4Sample248282432.0
==========hMODEL PARALLELISM==========
maxBatchPerNode: 213.323080002
mem4Sample77698592.0
==========hhMODEL PARALLELISM==========
maxBatchPerNode: 213.323080002
==========vMODEL PARALLELISM==========
Considering nodeNumber: 2
maxBatchPerNode: 256.0
mem4Sample175100032.0
lastActivation: 50176.0
Considering nodeNumber: 4
maxBatchPerNode: 256.0
mem4Sample127316096.0
lastActivation: 351232.0
Considering nodeNumber: 8
maxBatchPerNode: 256.0
mem4Sample110194816.0
lastActivation: 577024.0
Considering nodeNumber: 16
maxBatchPerNode: 256.0
mem4Sample73339008.0
lastActivation: 1354752.0
Considering nodeNumber: 32
maxBatchPerNode: 256.0
mem4Sample54263936.0
lastActivation: 3512320.0
name	B	p	Mem (bytes)	Tcomp (s)	Tcomm(s)	Time(s)	Cost(min*Node)
single	128.0	1	9772128256.0	1022.13400334	0	1022.13400334	18.0
data	256.0	256.0	248282432.0	3.99271095054	69.08584	73.0785509505	512.0
data	256.0	128.0	323273344.0	7.98542190108	68.810072	76.7954939011	256.0
data	256.0	64.0	473255168.0	15.9708438022	68.263536	84.2343798022	128.0
data	256.0	32.0	773218816.0	31.9416876043	67.175464	99.1171516043	64.0
data	256.0	16.0	1373146112.0	63.8833752086	65.00432	128.887695209	48.0
data	256.0	8.0	2573000704.0	127.766750417	60.667032	188.433782417	32.0
data	256.0	4.0	4972709888.0	255.533500834	51.997456	307.530956834	24.0
data	256.0	2.0	9772128256.0	511.067001669	34.663304	545.730305669	20.0
hmodel	128.0	2.0	9685482496.0	511.067001669	5705.213664	6216.28066567	208.0
hmodel	128.0	4.0	9642159616.0	255.533500834	8558.210496	8813.74399683	588.0
hmodel	128.0	8.0	9620498176.0	127.766750417	9985.098912	10112.8656624	1352.0
hmodel	128.0	16.0	9609667456.0	63.8833752086	10698.93312	10762.8164952	2880.0
hmodel	128.0	32.0	9604252096.0	31.9416876043	11056.240224	11088.1819116	5920.0
hmodel	128.0	64.0	9601544416.0	15.9708438022	11235.283776	11251.2546198	12032.0
hhmodel-2	256.0	4.0	9685482496.0	255.533500834	2869.940984	3125.47448483	212.0
hhmodel-2	256.0	8.0	9642159616.0	127.766750417	4287.774824	4415.54157442	592.0
hhmodel-2	256.0	16.0	9620498176.0	63.8833752086	4996.886744	5060.77011921	1360.0
hhmodel-2	256.0	32.0	9609667456.0	31.9416876043	5351.637704	5383.5793916	2880.0
hhmodel-2	256.0	64.0	9604252096.0	15.9708438022	5529.208184	5545.1790278	5952.0
hhmodel-2	256.0	128.0	9601544416.0	7.98542190108	5618.188424	5626.1738459	12032.0
vmodel2	256.0(128)	2	7337551360.0	1277.66750417	20.5570896	1298.22459377	44.0
vmodel4	256.0(64)	4	2467964416.0	699.453887037	71.9473136	771.401200637	52.0
vmodel8	256.0(32)	8	620340736.0	396.424695191	59.1222576	455.546952791	64.0
vmodel16	256.0(16)	16	183533568.0	220.711671191	69.4383024	290.149973591	80.0
vmodel32	256.0(8)	32	69830144.0	129.098325609	90.070392	219.168717609	128.0
