Read dnn fromResNet101.net
INPUT: 178608.0
LAYER:	(Activation, Weight, Operations)
Layer 0:	802816.0		9408.0		118013952.0
Layer 1:	200704.0		0.0		115605504.0
Layer 2:	200704.0		4096.0		12845056.0
Layer 3:	200704.0		36864.0		115605504.0
Layer 4:	802816.0		16384.0		51380224.0
Layer 5:	200704.0		4096.0		51380224.0
Layer 6:	200704.0		36864.0		115605504.0
Layer 7:	802816.0		16384.0		51380224.0
Layer 8:	200704.0		4096.0		51380224.0
Layer 9:	200704.0		36864.0		115605504.0
Layer 10:	802816.0		16384.0		51380224.0
Layer 11:	100352.0		32768.0		25690112.0
Layer 12:	100352.0		147456.0		115605504.0
Layer 13:	401408.0		65536.0		51380224.0
Layer 14:	100352.0		65536.0		51380224.0
Layer 15:	100352.0		147456.0		115605504.0
Layer 16:	401408.0		65536.0		51380224.0
Layer 17:	100352.0		65536.0		51380224.0
Layer 18:	100352.0		147456.0		115605504.0
Layer 19:	401408.0		65536.0		51380224.0
Layer 20:	100352.0		65536.0		51380224.0
Layer 21:	100352.0		147456.0		115605504.0
Layer 22:	401408.0		65536.0		51380224.0
Layer 23:	50176.0		131072.0		25690112.0
Layer 24:	50176.0		589824.0		115605504.0
Layer 25:	200704.0		262144.0		51380224.0
Layer 26:	50176.0		262144.0		51380224.0
Layer 27:	50176.0		589824.0		115605504.0
Layer 28:	200704.0		262144.0		51380224.0
Layer 29:	50176.0		262144.0		51380224.0
Layer 30:	50176.0		589824.0		115605504.0
Layer 31:	200704.0		262144.0		51380224.0
Layer 32:	50176.0		262144.0		51380224.0
Layer 33:	50176.0		589824.0		115605504.0
Layer 34:	200704.0		262144.0		51380224.0
Layer 35:	50176.0		262144.0		51380224.0
Layer 36:	50176.0		589824.0		115605504.0
Layer 37:	200704.0		262144.0		51380224.0
Layer 38:	50176.0		262144.0		51380224.0
Layer 39:	50176.0		589824.0		115605504.0
Layer 40:	200704.0		262144.0		51380224.0
Layer 41:	50176.0		262144.0		51380224.0
Layer 42:	50176.0		589824.0		115605504.0
Layer 43:	200704.0		262144.0		51380224.0
Layer 44:	50176.0		262144.0		51380224.0
Layer 45:	50176.0		589824.0		115605504.0
Layer 46:	200704.0		262144.0		51380224.0
Layer 47:	50176.0		262144.0		51380224.0
Layer 48:	50176.0		589824.0		115605504.0
Layer 49:	200704.0		262144.0		51380224.0
Layer 50:	50176.0		262144.0		51380224.0
Layer 51:	50176.0		589824.0		115605504.0
Layer 52:	200704.0		262144.0		51380224.0
Layer 53:	50176.0		262144.0		51380224.0
Layer 54:	50176.0		589824.0		115605504.0
Layer 55:	200704.0		262144.0		51380224.0
Layer 56:	50176.0		262144.0		51380224.0
Layer 57:	50176.0		589824.0		115605504.0
Layer 58:	200704.0		262144.0		51380224.0
Layer 59:	50176.0		262144.0		51380224.0
Layer 60:	50176.0		589824.0		115605504.0
Layer 61:	200704.0		262144.0		51380224.0
Layer 62:	50176.0		262144.0		51380224.0
Layer 63:	50176.0		589824.0		115605504.0
Layer 64:	200704.0		262144.0		51380224.0
Layer 65:	50176.0		262144.0		51380224.0
Layer 66:	50176.0		589824.0		115605504.0
Layer 67:	200704.0		262144.0		51380224.0
Layer 68:	50176.0		262144.0		51380224.0
Layer 69:	50176.0		589824.0		115605504.0
Layer 70:	200704.0		262144.0		51380224.0
Layer 71:	50176.0		262144.0		51380224.0
Layer 72:	50176.0		589824.0		115605504.0
Layer 73:	200704.0		262144.0		51380224.0
Layer 74:	50176.0		262144.0		51380224.0
Layer 75:	50176.0		589824.0		115605504.0
Layer 76:	200704.0		262144.0		51380224.0
Layer 77:	50176.0		262144.0		51380224.0
Layer 78:	50176.0		589824.0		115605504.0
Layer 79:	200704.0		262144.0		51380224.0
Layer 80:	50176.0		262144.0		51380224.0
Layer 81:	50176.0		589824.0		115605504.0
Layer 82:	200704.0		262144.0		51380224.0
Layer 83:	50176.0		262144.0		51380224.0
Layer 84:	50176.0		589824.0		115605504.0
Layer 85:	200704.0		262144.0		51380224.0
Layer 86:	50176.0		262144.0		51380224.0
Layer 87:	50176.0		589824.0		115605504.0
Layer 88:	200704.0		262144.0		51380224.0
Layer 89:	50176.0		262144.0		51380224.0
Layer 90:	50176.0		589824.0		115605504.0
Layer 91:	200704.0		262144.0		51380224.0
Layer 92:	25088.0		524288.0		25690112.0
Layer 93:	25088.0		2359296.0		115605504.0
Layer 94:	100352.0		1048576.0		51380224.0
Layer 95:	25088.0		1048576.0		51380224.0
Layer 96:	25088.0		2359296.0		115605504.0
Layer 97:	100352.0		1048576.0		51380224.0
Layer 98:	25088.0		1048576.0		51380224.0
Layer 99:	25088.0		2359296.0		115605504.0
Layer 100:	100352.0		1048576.0		51380224.0
Layer 101:	25088.0		1048576.0		51380224.0
Layer 102:	25088.0		2359296.0		115605504.0
Layer 103:	100352.0		1048576.0		51380224.0
Layer 104:	25088.0		1048576.0		51380224.0
Layer 105:	25088.0		2359296.0		115605504.0
Layer 106:	100352.0		1048576.0		51380224.0
Layer 107:	25088.0		1048576.0		51380224.0
Layer 108:	25088.0		2359296.0		115605504.0
Layer 109:	100352.0		1048576.0		51380224.0
Layer 110:	25088.0		1048576.0		51380224.0
Layer 111:	25088.0		2359296.0		115605504.0
Layer 112:	100352.0		1048576.0		51380224.0
Layer 113:	25088.0		1048576.0		51380224.0
Layer 114:	25088.0		2359296.0		115605504.0
Layer 115:	100352.0		1048576.0		51380224.0
Layer 116:	1000.0		0.0		100352000.0
Layer 117:	1000.0		1000000.0		1000000.0
Total activation: 15155152.0items
Total weight: 62883584.0items
Total comp: 17034544256.0items
Max Activation802816.0items
==========SINGLE-NODE===============
maxBatchPerNode: 61.472604598
==========DATA PARALLELISM==========
maxBatchPerNode: 61.472604598
==========hMODEL PARALLELISM==========
maxBatchPerNode: 65.5331645813
==========hhMODEL PARALLELISM==========
maxBatchPerNode: 65.5331645813
==========vMODEL PARALLELISM==========
Considering nodeNumber: 2
maxBatchPerNode: 92.8630268098
lastActivation: 50176.0
Considering nodeNumber: 4
maxBatchPerNode: 127.686623551
lastActivation: 301056.0
Considering nodeNumber: 8
maxBatchPerNode: 185.211987892
lastActivation: 827904.0
Considering nodeNumber: 16
maxBatchPerNode: 256.0
lastActivation: 928256.0
Considering nodeNumber: 32
maxBatchPerNode: 256.0
lastActivation: 2609152.0
Considering nodeNumber: 64
maxBatchPerNode: 256.0
lastActivation: 5168128.0
name	B	p	Mem (bytes)	Tcomp (s)	Tcomm(s)	Time(s)	Cost(min*Node)
single	32.0	1	4405649408.0	2344.53942448	0	2344.53942448	40.0
data	256.0	256.0	625024320.0	9.15835712688	200.481424	209.639781127	1024.0
data	256.0	128.0	746979968.0	18.3167142538	199.6903792	218.007093454	512.0
data	256.0	64.0	990891264.0	36.6334285075	198.1132896	234.746718108	256.0
data	256.0	32.0	1478713856.0	73.2668570151	194.9641104	268.230967415	160.0
data	256.0	16.0	2454359040.0	146.53371403	188.670752	335.20446603	96.0
data	256.0	8.0	4405649408.0	293.06742806	176.0890352	469.15646326	64.0
hmodel	64.0	2.0	8056695808.0	1172.26971224	9314.8653888	10487.135101	350.0
hmodel	64.0	4.0	7930928640.0	586.13485612	13974.0680832	14560.2029393	972.0
hmodel	64.0	8.0	7868045056.0	293.06742806	16305.4394304	16598.5068585	2216.0
hmodel	64.0	16.0	7836603264.0	146.53371403	17472.895104	17619.428818	4704.0
hmodel	64.0	32.0	7820882368.0	73.2668570151	18058.3929408	18131.6597978	9696.0
hmodel	64.0	64.0	7813021920.0	36.6334285075	18352.9118592	18389.5452877	19648.0
hhmodel-2	128.0	4.0	8056695808.0	586.13485612	4758.0564288	5344.19128492	360.0
hhmodel-4	256.0	8.0	8056695808.0	293.06742806	2404.186648	2697.25407606	360.0
hhmodel-2	128.0	8.0	7930928640.0	293.06742806	7037.3509088	7330.41833686	984.0
hhmodel-4	256.0	16.0	7930928640.0	146.53371403	3531.2571712	3677.79088523	992.0
hhmodel-2	128.0	16.0	7868045056.0	146.53371403	8177.8831488	8324.41686283	2224.0
hhmodel-4	256.0	32.0	7868045056.0	73.2668570151	4095.2349328	4168.50178982	2240.0
hhmodel-2	128.0	32.0	7836603264.0	73.2668570151	8749.0342688	8822.30112582	4736.0
hhmodel-4	256.0	64.0	7836603264.0	36.6334285075	4377.6663136	4414.29974211	4736.0
hhmodel-2	128.0	64.0	7820882368.0	36.6334285075	9035.4948288	9072.12825731	9728.0
hhmodel-4	256.0	128.0	7820882368.0	18.3167142538	4519.324504	4537.64121825	9728.0
hhmodel-2	128.0	128.0	7813021920.0	18.3167142538	9179.6101088	9197.92682305	19712.0
hhmodel-4	256.0	256.0	7813021920.0	9.15835712688	4590.5960992	4599.75445633	19712.0
vmodel2	128.0(64)	2	5470299648.0	2930.6742806	20.5620896	2951.2363702	100.0
vmodel4	256.0(64)	4	3944621568.0	1605.95573154	61.6712688	1667.62700034	112.0
vmodel8	256.0(32)	8	1342514688.0	835.311253746	84.8123696	920.123623346	128.0
vmodel16	256.0(16)	16	353107968.0	415.846027286	47.6017072	463.447734486	128.0
vmodel32	256.0(8)	32	226166272.0	331.635853763	66.9492912	398.585144963	224.0
vmodel64	256.0(4)	64	303746048.0	317.044048241	66.4670384	383.511086641	448.0
