Read dnn fromResNet152.net
INPUT: 178608.0
LAYER:	(Activation, Weight, Operations)
Layer 0:	802816.0		9408.0		118013952.0
Layer 1:	200704.0		0.0		115605504.0
Layer 2:	200704.0		4096.0		12845056.0
Layer 3:	200704.0		36864.0		115605504.0
Layer 4:	802816.0		16384.0		51380224.0
Layer 5:	200704.0		4096.0		51380224.0
Layer 6:	200704.0		36864.0		115605504.0
Layer 7:	802816.0		16384.0		51380224.0
Layer 8:	200704.0		4096.0		51380224.0
Layer 9:	200704.0		36864.0		115605504.0
Layer 10:	802816.0		16384.0		51380224.0
Layer 11:	100352.0		32768.0		25690112.0
Layer 12:	100352.0		147456.0		115605504.0
Layer 13:	401408.0		65536.0		51380224.0
Layer 14:	100352.0		65536.0		51380224.0
Layer 15:	100352.0		147456.0		115605504.0
Layer 16:	401408.0		65536.0		51380224.0
Layer 17:	100352.0		65536.0		51380224.0
Layer 18:	100352.0		147456.0		115605504.0
Layer 19:	401408.0		65536.0		51380224.0
Layer 20:	100352.0		65536.0		51380224.0
Layer 21:	100352.0		147456.0		115605504.0
Layer 22:	401408.0		65536.0		51380224.0
Layer 23:	100352.0		65536.0		51380224.0
Layer 24:	100352.0		147456.0		115605504.0
Layer 25:	401408.0		65536.0		51380224.0
Layer 26:	100352.0		65536.0		51380224.0
Layer 27:	100352.0		147456.0		115605504.0
Layer 28:	401408.0		65536.0		51380224.0
Layer 29:	100352.0		65536.0		51380224.0
Layer 30:	100352.0		147456.0		115605504.0
Layer 31:	401408.0		65536.0		51380224.0
Layer 32:	100352.0		65536.0		51380224.0
Layer 33:	100352.0		147456.0		115605504.0
Layer 34:	401408.0		65536.0		51380224.0
Layer 35:	50176.0		131072.0		25690112.0
Layer 36:	50176.0		589824.0		115605504.0
Layer 37:	200704.0		262144.0		51380224.0
Layer 38:	50176.0		262144.0		51380224.0
Layer 39:	50176.0		589824.0		115605504.0
Layer 40:	200704.0		262144.0		51380224.0
Layer 41:	50176.0		262144.0		51380224.0
Layer 42:	50176.0		589824.0		115605504.0
Layer 43:	200704.0		262144.0		51380224.0
Layer 44:	50176.0		262144.0		51380224.0
Layer 45:	50176.0		589824.0		115605504.0
Layer 46:	200704.0		262144.0		51380224.0
Layer 47:	50176.0		262144.0		51380224.0
Layer 48:	50176.0		589824.0		115605504.0
Layer 49:	200704.0		262144.0		51380224.0
Layer 50:	50176.0		262144.0		51380224.0
Layer 51:	50176.0		589824.0		115605504.0
Layer 52:	200704.0		262144.0		51380224.0
Layer 53:	50176.0		262144.0		51380224.0
Layer 54:	50176.0		589824.0		115605504.0
Layer 55:	200704.0		262144.0		51380224.0
Layer 56:	50176.0		262144.0		51380224.0
Layer 57:	50176.0		589824.0		115605504.0
Layer 58:	200704.0		262144.0		51380224.0
Layer 59:	50176.0		262144.0		51380224.0
Layer 60:	50176.0		589824.0		115605504.0
Layer 61:	200704.0		262144.0		51380224.0
Layer 62:	50176.0		262144.0		51380224.0
Layer 63:	50176.0		589824.0		115605504.0
Layer 64:	200704.0		262144.0		51380224.0
Layer 65:	50176.0		262144.0		51380224.0
Layer 66:	50176.0		589824.0		115605504.0
Layer 67:	200704.0		262144.0		51380224.0
Layer 68:	50176.0		262144.0		51380224.0
Layer 69:	50176.0		589824.0		115605504.0
Layer 70:	200704.0		262144.0		51380224.0
Layer 71:	50176.0		262144.0		51380224.0
Layer 72:	50176.0		589824.0		115605504.0
Layer 73:	200704.0		262144.0		51380224.0
Layer 74:	50176.0		262144.0		51380224.0
Layer 75:	50176.0		589824.0		115605504.0
Layer 76:	200704.0		262144.0		51380224.0
Layer 77:	50176.0		262144.0		51380224.0
Layer 78:	50176.0		589824.0		115605504.0
Layer 79:	200704.0		262144.0		51380224.0
Layer 80:	50176.0		262144.0		51380224.0
Layer 81:	50176.0		589824.0		115605504.0
Layer 82:	200704.0		262144.0		51380224.0
Layer 83:	50176.0		262144.0		51380224.0
Layer 84:	50176.0		589824.0		115605504.0
Layer 85:	200704.0		262144.0		51380224.0
Layer 86:	50176.0		262144.0		51380224.0
Layer 87:	50176.0		589824.0		115605504.0
Layer 88:	200704.0		262144.0		51380224.0
Layer 89:	50176.0		262144.0		51380224.0
Layer 90:	50176.0		589824.0		115605504.0
Layer 91:	200704.0		262144.0		51380224.0
Layer 92:	50176.0		262144.0		51380224.0
Layer 93:	50176.0		589824.0		115605504.0
Layer 94:	200704.0		262144.0		51380224.0
Layer 95:	50176.0		262144.0		51380224.0
Layer 96:	50176.0		589824.0		115605504.0
Layer 97:	200704.0		262144.0		51380224.0
Layer 98:	50176.0		262144.0		51380224.0
Layer 99:	50176.0		589824.0		115605504.0
Layer 100:	200704.0		262144.0		51380224.0
Layer 101:	50176.0		262144.0		51380224.0
Layer 102:	50176.0		589824.0		115605504.0
Layer 103:	200704.0		262144.0		51380224.0
Layer 104:	50176.0		262144.0		51380224.0
Layer 105:	50176.0		589824.0		115605504.0
Layer 106:	200704.0		262144.0		51380224.0
Layer 107:	50176.0		262144.0		51380224.0
Layer 108:	50176.0		589824.0		115605504.0
Layer 109:	200704.0		262144.0		51380224.0
Layer 110:	50176.0		262144.0		51380224.0
Layer 111:	50176.0		589824.0		115605504.0
Layer 112:	200704.0		262144.0		51380224.0
Layer 113:	50176.0		262144.0		51380224.0
Layer 114:	50176.0		589824.0		115605504.0
Layer 115:	200704.0		262144.0		51380224.0
Layer 116:	50176.0		262144.0		51380224.0
Layer 117:	50176.0		589824.0		115605504.0
Layer 118:	200704.0		262144.0		51380224.0
Layer 119:	50176.0		262144.0		51380224.0
Layer 120:	50176.0		589824.0		115605504.0
Layer 121:	200704.0		262144.0		51380224.0
Layer 122:	50176.0		262144.0		51380224.0
Layer 123:	50176.0		589824.0		115605504.0
Layer 124:	200704.0		262144.0		51380224.0
Layer 125:	50176.0		262144.0		51380224.0
Layer 126:	50176.0		589824.0		115605504.0
Layer 127:	200704.0		262144.0		51380224.0
Layer 128:	50176.0		262144.0		51380224.0
Layer 129:	50176.0		589824.0		115605504.0
Layer 130:	200704.0		262144.0		51380224.0
Layer 131:	50176.0		262144.0		51380224.0
Layer 132:	50176.0		589824.0		115605504.0
Layer 133:	200704.0		262144.0		51380224.0
Layer 134:	50176.0		262144.0		51380224.0
Layer 135:	50176.0		589824.0		115605504.0
Layer 136:	200704.0		262144.0		51380224.0
Layer 137:	50176.0		262144.0		51380224.0
Layer 138:	50176.0		589824.0		115605504.0
Layer 139:	200704.0		262144.0		51380224.0
Layer 140:	50176.0		262144.0		51380224.0
Layer 141:	50176.0		589824.0		115605504.0
Layer 142:	200704.0		262144.0		51380224.0
Layer 143:	25088.0		524288.0		25690112.0
Layer 144:	25088.0		2359296.0		115605504.0
Layer 145:	100352.0		1048576.0		51380224.0
Layer 146:	25088.0		1048576.0		51380224.0
Layer 147:	25088.0		2359296.0		115605504.0
Layer 148:	100352.0		1048576.0		51380224.0
Layer 149:	25088.0		1048576.0		51380224.0
Layer 150:	25088.0		2359296.0		115605504.0
Layer 151:	100352.0		1048576.0		51380224.0
Layer 152:	1000.0		0.0		100352000.0
Layer 153:	1000.0		1000000.0		1000000.0
Total activation: 20724688.0items
Total weight: 56198912.0items
Total comp: 22275327104.0items
Max Activation802816.0items
==========SINGLE-NODE===============
maxBatchPerNode: 93.3891532196
==========DATA PARALLELISM==========
maxBatchPerNode: 93.3891532196
==========hMODEL PARALLELISM==========
maxBatchPerNode: 96.047019332
==========hhMODEL PARALLELISM==========
maxBatchPerNode: 96.047019332
==========vMODEL PARALLELISM==========
Considering nodeNumber: 2
maxBatchPerNode: 145.490337725
lastActivation: 50176.0
Considering nodeNumber: 4
maxBatchPerNode: 201.421367548
lastActivation: 301056.0
Considering nodeNumber: 8
maxBatchPerNode: 256.0
lastActivation: 401408.0
Considering nodeNumber: 16
maxBatchPerNode: 256.0
lastActivation: 1304576.0
Considering nodeNumber: 32
maxBatchPerNode: 256.0
lastActivation: 2558976.0
Considering nodeNumber: 64
Cannot split model
name	B	p	Mem (bytes)	Tcomp (s)	Tcomm(s)	Time(s)	Cost(min*Node)
single	64.0	1	11106355200.0	3065.85147238	0	3065.85147238	52.0
data	256.0	256.0	616103232.0	11.975982314	179.174032	191.150014314	1024.0
data	256.0	128.0	782615168.0	23.951964628	178.4665456	202.418510228	512.0
data	256.0	64.0	1115639040.0	47.9039292559	177.0565728	224.960502056	256.0
data	256.0	32.0	1781686784.0	95.8078585118	174.2416272	270.049485712	160.0
data	256.0	16.0	3113782272.0	191.615717024	168.616736	360.232453024	112.0
data	256.0	8.0	5777973248.0	383.231434047	157.3719536	540.603387647	80.0
data	256.0	4.0	11106355200.0	766.462868095	134.8873888	901.350256895	64.0
hmodel	64.0	2.0	10881559552.0	1532.92573619	12737.8683072	14270.7940434	476.0
hmodel	64.0	4.0	10769161728.0	766.462868095	19109.1124608	19875.5753289	1328.0
hmodel	64.0	8.0	10712962816.0	383.231434047	22297.0445376	22680.2759716	3032.0
hmodel	64.0	16.0	10684863360.0	191.615717024	23893.320576	24084.936293	6432.0
hmodel	64.0	32.0	10670813632.0	95.8078585118	24693.7685952	24789.5764537	13248.0
hmodel	64.0	64.0	10663788768.0	47.9039292559	25096.3026048	25144.2065341	26880.0
hhmodel-2	128.0	4.0	10881559552.0	766.462868095	6458.8624128	7225.32528089	484.0
hhmodel-4	256.0	8.0	10881559552.0	383.231434047	3251.9157712	3635.14720525	488.0
hhmodel-2	128.0	8.0	10769161728.0	383.231434047	9599.52536	9982.75679405	1336.0
hhmodel-4	256.0	16.0	10769161728.0	191.615717024	4811.0074624	5002.62317942	1344.0
hhmodel-2	128.0	16.0	10712962816.0	191.615717024	11171.0118336	11362.6275506	3040.0
hhmodel-4	256.0	32.0	10712962816.0	95.8078585118	5591.130808	5686.93866651	3040.0
hhmodel-2	128.0	32.0	10684863360.0	95.8078585118	11957.9100704	12053.7179289	6432.0
hhmodel-4	256.0	64.0	10684863360.0	47.9039292559	5981.7699808	6029.67391006	6464.0
hhmodel-2	128.0	64.0	10670813632.0	47.9039292559	12352.5141888	12400.4181181	13248.0
hhmodel-4	256.0	128.0	10670813632.0	23.951964628	6177.6670672	6201.61903183	13312.0
hhmodel-2	128.0	128.0	10663788768.0	23.951964628	12550.971248	12574.9232126	26880.0
hhmodel-4	256.0	256.0	10663788768.0	11.975982314	6276.1931104	6288.16909271	26880.0
vmodel2	256.0(128)	2	13936240128.0	3832.31434047	20.5570896	3852.87143007	130.0
vmodel4	256.0(64)	4	5023606272.0	2101.85776447	61.6712688	2163.52903327	148.0
vmodel8	256.0(32)	8	1555179008.0	1085.25118211	41.1391792	1126.39036131	152.0
vmodel16	256.0(16)	16	466658816.0	615.400187596	66.8692912	682.269478796	192.0
vmodel32	256.0(8)	32	157943296.0	344.177048224	65.6647856	409.841833824	224.0
