Read dnn fromResNet152.net
INPUT: 178608.0
LAYER:	(Activation, Weight, Operations)
Layer 0:	802816.0		9408.0		118013952.0
Layer 1:	200704.0		0.0		115605504.0
Layer 2:	200704.0		4096.0		12845056.0
Layer 3:	200704.0		36864.0		115605504.0
Layer 4:	802816.0		16384.0		51380224.0
Layer 5:	200704.0		4096.0		51380224.0
Layer 6:	200704.0		36864.0		115605504.0
Layer 7:	802816.0		16384.0		51380224.0
Layer 8:	200704.0		4096.0		51380224.0
Layer 9:	200704.0		36864.0		115605504.0
Layer 10:	802816.0		16384.0		51380224.0
Layer 11:	100352.0		32768.0		25690112.0
Layer 12:	100352.0		147456.0		115605504.0
Layer 13:	401408.0		65536.0		51380224.0
Layer 14:	100352.0		65536.0		51380224.0
Layer 15:	100352.0		147456.0		115605504.0
Layer 16:	401408.0		65536.0		51380224.0
Layer 17:	100352.0		65536.0		51380224.0
Layer 18:	100352.0		147456.0		115605504.0
Layer 19:	401408.0		65536.0		51380224.0
Layer 20:	100352.0		65536.0		51380224.0
Layer 21:	100352.0		147456.0		115605504.0
Layer 22:	401408.0		65536.0		51380224.0
Layer 23:	100352.0		65536.0		51380224.0
Layer 24:	100352.0		147456.0		115605504.0
Layer 25:	401408.0		65536.0		51380224.0
Layer 26:	100352.0		65536.0		51380224.0
Layer 27:	100352.0		147456.0		115605504.0
Layer 28:	401408.0		65536.0		51380224.0
Layer 29:	100352.0		65536.0		51380224.0
Layer 30:	100352.0		147456.0		115605504.0
Layer 31:	401408.0		65536.0		51380224.0
Layer 32:	100352.0		65536.0		51380224.0
Layer 33:	100352.0		147456.0		115605504.0
Layer 34:	401408.0		65536.0		51380224.0
Layer 35:	50176.0		131072.0		25690112.0
Layer 36:	50176.0		589824.0		115605504.0
Layer 37:	200704.0		262144.0		51380224.0
Layer 38:	50176.0		262144.0		51380224.0
Layer 39:	50176.0		589824.0		115605504.0
Layer 40:	200704.0		262144.0		51380224.0
Layer 41:	50176.0		262144.0		51380224.0
Layer 42:	50176.0		589824.0		115605504.0
Layer 43:	200704.0		262144.0		51380224.0
Layer 44:	50176.0		262144.0		51380224.0
Layer 45:	50176.0		589824.0		115605504.0
Layer 46:	200704.0		262144.0		51380224.0
Layer 47:	50176.0		262144.0		51380224.0
Layer 48:	50176.0		589824.0		115605504.0
Layer 49:	200704.0		262144.0		51380224.0
Layer 50:	50176.0		262144.0		51380224.0
Layer 51:	50176.0		589824.0		115605504.0
Layer 52:	200704.0		262144.0		51380224.0
Layer 53:	50176.0		262144.0		51380224.0
Layer 54:	50176.0		589824.0		115605504.0
Layer 55:	200704.0		262144.0		51380224.0
Layer 56:	50176.0		262144.0		51380224.0
Layer 57:	50176.0		589824.0		115605504.0
Layer 58:	200704.0		262144.0		51380224.0
Layer 59:	50176.0		262144.0		51380224.0
Layer 60:	50176.0		589824.0		115605504.0
Layer 61:	200704.0		262144.0		51380224.0
Layer 62:	50176.0		262144.0		51380224.0
Layer 63:	50176.0		589824.0		115605504.0
Layer 64:	200704.0		262144.0		51380224.0
Layer 65:	50176.0		262144.0		51380224.0
Layer 66:	50176.0		589824.0		115605504.0
Layer 67:	200704.0		262144.0		51380224.0
Layer 68:	50176.0		262144.0		51380224.0
Layer 69:	50176.0		589824.0		115605504.0
Layer 70:	200704.0		262144.0		51380224.0
Layer 71:	50176.0		262144.0		51380224.0
Layer 72:	50176.0		589824.0		115605504.0
Layer 73:	200704.0		262144.0		51380224.0
Layer 74:	50176.0		262144.0		51380224.0
Layer 75:	50176.0		589824.0		115605504.0
Layer 76:	200704.0		262144.0		51380224.0
Layer 77:	50176.0		262144.0		51380224.0
Layer 78:	50176.0		589824.0		115605504.0
Layer 79:	200704.0		262144.0		51380224.0
Layer 80:	50176.0		262144.0		51380224.0
Layer 81:	50176.0		589824.0		115605504.0
Layer 82:	200704.0		262144.0		51380224.0
Layer 83:	50176.0		262144.0		51380224.0
Layer 84:	50176.0		589824.0		115605504.0
Layer 85:	200704.0		262144.0		51380224.0
Layer 86:	50176.0		262144.0		51380224.0
Layer 87:	50176.0		589824.0		115605504.0
Layer 88:	200704.0		262144.0		51380224.0
Layer 89:	50176.0		262144.0		51380224.0
Layer 90:	50176.0		589824.0		115605504.0
Layer 91:	200704.0		262144.0		51380224.0
Layer 92:	50176.0		262144.0		51380224.0
Layer 93:	50176.0		589824.0		115605504.0
Layer 94:	200704.0		262144.0		51380224.0
Layer 95:	50176.0		262144.0		51380224.0
Layer 96:	50176.0		589824.0		115605504.0
Layer 97:	200704.0		262144.0		51380224.0
Layer 98:	50176.0		262144.0		51380224.0
Layer 99:	50176.0		589824.0		115605504.0
Layer 100:	200704.0		262144.0		51380224.0
Layer 101:	50176.0		262144.0		51380224.0
Layer 102:	50176.0		589824.0		115605504.0
Layer 103:	200704.0		262144.0		51380224.0
Layer 104:	50176.0		262144.0		51380224.0
Layer 105:	50176.0		589824.0		115605504.0
Layer 106:	200704.0		262144.0		51380224.0
Layer 107:	50176.0		262144.0		51380224.0
Layer 108:	50176.0		589824.0		115605504.0
Layer 109:	200704.0		262144.0		51380224.0
Layer 110:	50176.0		262144.0		51380224.0
Layer 111:	50176.0		589824.0		115605504.0
Layer 112:	200704.0		262144.0		51380224.0
Layer 113:	50176.0		262144.0		51380224.0
Layer 114:	50176.0		589824.0		115605504.0
Layer 115:	200704.0		262144.0		51380224.0
Layer 116:	50176.0		262144.0		51380224.0
Layer 117:	50176.0		589824.0		115605504.0
Layer 118:	200704.0		262144.0		51380224.0
Layer 119:	50176.0		262144.0		51380224.0
Layer 120:	50176.0		589824.0		115605504.0
Layer 121:	200704.0		262144.0		51380224.0
Layer 122:	50176.0		262144.0		51380224.0
Layer 123:	50176.0		589824.0		115605504.0
Layer 124:	200704.0		262144.0		51380224.0
Layer 125:	50176.0		262144.0		51380224.0
Layer 126:	50176.0		589824.0		115605504.0
Layer 127:	200704.0		262144.0		51380224.0
Layer 128:	50176.0		262144.0		51380224.0
Layer 129:	50176.0		589824.0		115605504.0
Layer 130:	200704.0		262144.0		51380224.0
Layer 131:	50176.0		262144.0		51380224.0
Layer 132:	50176.0		589824.0		115605504.0
Layer 133:	200704.0		262144.0		51380224.0
Layer 134:	50176.0		262144.0		51380224.0
Layer 135:	50176.0		589824.0		115605504.0
Layer 136:	200704.0		262144.0		51380224.0
Layer 137:	50176.0		262144.0		51380224.0
Layer 138:	50176.0		589824.0		115605504.0
Layer 139:	200704.0		262144.0		51380224.0
Layer 140:	50176.0		262144.0		51380224.0
Layer 141:	50176.0		589824.0		115605504.0
Layer 142:	200704.0		262144.0		51380224.0
Layer 143:	25088.0		524288.0		25690112.0
Layer 144:	25088.0		2359296.0		115605504.0
Layer 145:	100352.0		1048576.0		51380224.0
Layer 146:	25088.0		1048576.0		51380224.0
Layer 147:	25088.0		2359296.0		115605504.0
Layer 148:	100352.0		1048576.0		51380224.0
Layer 149:	25088.0		1048576.0		51380224.0
Layer 150:	25088.0		2359296.0		115605504.0
Layer 151:	100352.0		1048576.0		51380224.0
Layer 152:	1000.0		0.0		100352000.0
Layer 153:	1000.0		1000000.0		1000000.0
Total activation: 20724688.0items
Total weight: 56198912.0items
Total comp: 22275327104.0items
Max Activation802816.0items
==========SINGLE-NODE===============
maxBatchPerNode: 21.3222474574
==========DATA PARALLELISM==========
maxBatchPerNode: 21.3222474574
==========hMODEL PARALLELISM==========
maxBatchPerNode: 23.9801135698
==========hhMODEL PARALLELISM==========
maxBatchPerNode: 23.9801135698
==========vMODEL PARALLELISM==========
Considering nodeNumber: 2
maxBatchPerNode: 35.4048644275
lastActivation: 50176.0
Considering nodeNumber: 4
maxBatchPerNode: 50.1011287279
lastActivation: 301056.0
Considering nodeNumber: 8
maxBatchPerNode: 80.5005122805
lastActivation: 401408.0
Considering nodeNumber: 16
maxBatchPerNode: 131.847768564
lastActivation: 1304576.0
Considering nodeNumber: 32
maxBatchPerNode: 216.595053239
lastActivation: 2558976.0
Considering nodeNumber: 64
Cannot split model
name	B	p	Mem (bytes)	Tcomp (s)	Tcomm(s)	Time(s)	Cost(min*Node)
single	16.0	1	3113782272.0	3065.85147238	0	3065.85147238	52.0
data	256.0	256.0	616103232.0	11.975982314	179.174032	191.150014314	1024.0
data	256.0	128.0	782615168.0	23.951964628	178.4665456	202.418510228	512.0
data	256.0	64.0	1115639040.0	47.9039292559	177.0565728	224.960502056	256.0
data	256.0	32.0	1781686784.0	95.8078585118	174.2416272	270.049485712	160.0
data	256.0	16.0	3113782272.0	191.615717024	168.616736	360.232453024	112.0
hmodel	16.0	2.0	2888986624.0	1532.92573619	12751.7283072	14284.6540434	478.0
hmodel	16.0	4.0	2776588800.0	766.462868095	19136.8324608	19903.2953289	1328.0
hmodel	16.0	8.0	2720389888.0	383.231434047	22338.6245376	22721.8559716	3032.0
hmodel	16.0	16.0	2692290432.0	191.615717024	23948.760576	24140.376293	6448.0
hmodel	16.0	32.0	2678240704.0	95.8078585118	24763.0685952	24858.8764537	13280.0
hmodel	16.0	64.0	2671215840.0	47.9039292559	25179.4626048	25227.3665341	26944.0
hhmodel-2	32.0	4.0	2888986624.0	766.462868095	6735.5771904	7502.04005849	504.0
hhmodel-4	64.0	8.0	2888986624.0	383.231434047	3457.7268544	3840.95828845	520.0
hhmodel-8	128.0	16.0	2888986624.0	191.615717024	1751.352992	1942.96870902	528.0
hhmodel-16	256.0	32.0	2888986624.0	95.8078585118	881.3013872	977.109245712	544.0
hhmodel-2	32.0	8.0	2776588800.0	383.231434047	9748.2927488	10131.5241828	1352.0
hhmodel-4	64.0	16.0	2776588800.0	191.615717024	4919.125504	5110.74122102	1376.0
hhmodel-8	128.0	32.0	2776588800.0	95.8078585118	2470.8125344	2566.62039291	1376.0
hhmodel-16	256.0	64.0	2776588800.0	47.9039292559	1238.2212128	1286.12514206	1408.0
hhmodel-2	32.0	16.0	2720389888.0	191.615717024	11259.270528	11450.886245	3056.0
hhmodel-4	64.0	32.0	2720389888.0	95.8078585118	5652.1348288	5747.94268731	3072.0
hhmodel-8	128.0	64.0	2720389888.0	47.9039292559	2831.6973056	2879.60123486	3072.0
hhmodel-16	256.0	128.0	2720389888.0	23.951964628	1417.2586256	1441.21059023	3200.0
hhmodel-2	32.0	32.0	2692290432.0	95.8078585118	12019.3794176	12115.1872761	6464.0
hhmodel-4	64.0	64.0	2692290432.0	47.9039292559	6020.9494912	6068.85342046	6528.0
hhmodel-8	128.0	128.0	2692290432.0	23.951964628	3013.2946912	3037.24665583	6528.0
hhmodel-16	256.0	256.0	2692290432.0	11.975982314	1507.354832	1519.33081431	6656.0
hhmodel-2	32.0	64.0	2678240704.0	47.9039292559	12404.0538624	12451.9577917	13312.0
hhmodel-4	64.0	128.0	2678240704.0	23.951964628	6207.6668224	6231.61878703	13312.0
hhmodel-8	128.0	256.0	2678240704.0	11.975982314	3105.248384	3117.22436631	13312.0
hhmodel-16	256.0	512.0	2678240704.0	5.98799115699	1552.9804352	1558.96842636	13312.0
hhmodel-2	32.0	128.0	2671215840.0	23.951964628	12601.0110848	12624.9630494	27008.0
hhmodel-4	64.0	256.0	2671215840.0	11.975982314	6303.335488	6315.31147031	27136.0
hhmodel-8	128.0	512.0	2671215840.0	5.98799115699	3152.3802304	3158.36822156	27136.0
hhmodel-16	256.0	1024.0	2671215840.0	2.99399557849	1576.3707368	1579.36473238	27648.0
vmodel2	64.0(32)	2	3589547520.0	3832.31434047	20.5720896	3852.88643007	130.0
vmodel4	128.0(32)	4	2525242880.0	2101.85776447	61.6862688	2163.54403327	148.0
vmodel8	256.0(32)	8	1555179008.0	1085.25118211	41.1391792	1126.39036131	152.0
vmodel16	256.0(16)	16	466658816.0	615.400187596	66.8692912	682.269478796	192.0
vmodel32	256.0(8)	32	157943296.0	344.177048224	65.6647856	409.841833824	224.0
