Read dnn fromVGG16.net
INPUT: 178608.0
LAYER:	(Activation, Weight, Operations)
Layer 0:	3211264.0		1728.0		86704128.0
Layer 1:	3211264.0		36864.0		1849688064.0
Layer 2:	802816.0		0.0		205520896.0
Layer 3:	1605632.0		73728.0		924844032.0
Layer 4:	1605632.0		147456.0		1849688064.0
Layer 5:	401408.0		0.0		205520896.0
Layer 6:	802816.0		294912.0		924844032.0
Layer 7:	802816.0		589824.0		1849688064.0
Layer 8:	802816.0		589824.0		1849688064.0
Layer 9:	200704.0		0.0		205520896.0
Layer 10:	401408.0		1179648.0		924844032.0
Layer 11:	401408.0		2359296.0		1849688064.0
Layer 12:	401408.0		2359296.0		1849688064.0
Layer 13:	100352.0		0.0		205520896.0
Layer 14:	100352.0		2359296.0		462422016.0
Layer 15:	100352.0		2359296.0		462422016.0
Layer 16:	100352.0		2359296.0		462422016.0
Layer 17:	25088.0		0.0		51380224.0
Layer 18:	4096.0		102760448.0		102760448.0
Layer 19:	4096.0		16777216.0		16777216.0
Layer 20:	1000.0		4096000.0		4096000.0
Total activation: 15087080.0items
Total weight: 138344128.0items
Total comp: 32687456256.0items
Max Activation3211264.0items
==========SINGLE-NODE===============
maxBatchPerNode: 56.7760984435
==========DATA PARALLELISM==========
maxBatchPerNode: 56.7760984435
==========hMODEL PARALLELISM==========
maxBatchPerNode: 65.7494152098
==========hhMODEL PARALLELISM==========
maxBatchPerNode: 65.7494152098
==========vMODEL PARALLELISM==========
Considering nodeNumber: 2
maxBatchPerNode: 79.1344659782
lastActivation: 802816.0
Considering nodeNumber: 4
maxBatchPerNode: 94.1799228579
lastActivation: 2809856.0
lastActivation: 2809856.0
Considering nodeNumber: 8
maxBatchPerNode: 135.057791839
lastActivation: 4716544.0
lastActivation: 4716544.0
lastActivation: 4716544.0
Considering nodeNumber: 16
Cannot split model
name	B	p	Mem (bytes)	Tcomp (s)	Tcomm(s)	Time(s)	Cost(min*Node)
single	32.0	1	4991907328.0	4498.9187105	0	4498.9187105	75.0
data	256.0	256.0	1228164096.0	17.5739012129	441.011908	458.585809213	2048.0
data	256.0	128.0	1349575168.0	35.1478024258	439.2776064	474.425408826	1024.0
data	256.0	64.0	1592397312.0	70.2956048516	435.8140032	506.109608052	576.0
data	256.0	32.0	2078041600.0	140.591209703	428.8917968	569.483006503	320.0
data	256.0	16.0	3049330176.0	281.182419406	415.052384	696.234803406	192.0
data	256.0	8.0	4991907328.0	562.364838813	387.3785584	949.743397213	128.0
hmodel	64.0	2.0	8323685120.0	2249.45935525	9270.131952	11519.5913073	384.0
hmodel	64.0	4.0	8046996864.0	1124.72967763	13905.512928	15030.2426056	1004.0
hmodel	64.0	8.0	7908652736.0	562.364838813	16223.518416	16785.8832548	2240.0
hmodel	64.0	16.0	7839480672.0	281.182419406	17382.83616	17664.0185794	4720.0
hmodel	64.0	32.0	7804894640.0	140.591209703	17962.810032	18103.4012417	9664.0
hmodel	64.0	64.0	7787601624.0	70.2956048516	18253.111968	18323.4075729	19584.0
hhmodel-2	128.0	4.0	8323685120.0	1124.72967763	4856.4265808	5981.15625843	400.0
hhmodel-4	256.0	8.0	8323685120.0	562.364838813	2483.5559416	3045.92078041	408.0
hhmodel-2	128.0	8.0	8046996864.0	562.364838813	7063.4417664	7625.80660521	1024.0
hhmodel-4	256.0	16.0	8046996864.0	281.182419406	3559.3947088	3840.57712821	1040.0
hhmodel-2	128.0	16.0	7908652736.0	281.182419406	8167.1068592	8448.28927861	2256.0
hhmodel-4	256.0	32.0	7908652736.0	140.591209703	4097.3928424	4237.9840521	2272.0
hhmodel-2	128.0	32.0	7839480672.0	140.591209703	8719.0969056	8859.6881153	4736.0
hhmodel-4	256.0	64.0	7839480672.0	70.2956048516	4366.4706592	4436.76626405	4736.0
hhmodel-2	128.0	64.0	7804894640.0	70.2956048516	8995.2494288	9065.54503365	9728.0
hhmodel-4	256.0	128.0	7804894640.0	35.1478024258	4501.0883176	4536.23612003	9728.0
hhmodel-2	128.0	128.0	7787601624.0	35.1478024258	9133.4831904	9168.63099283	19584.0
hhmodel-4	256.0	256.0	7787601624.0	17.5739012129	4568.4758968	4586.04979801	19712.0
vmodel2	128.0(64)	2	6585824768.0	5623.64838813	328.8434336	5952.49182173	200.0
vmodel2	128.0(64)	4	5448381952.0	4958.90983418	1150.9470176	6109.85685178	408.0
vmodel4	256.0(64)	4	5448381952.0	2939.44604077	575.4735088	3514.91954957	236.0
vmodel2	64.0(32)	8	1862841856.0	4753.83091861	1932.0364224	6685.86734101	896.0
vmodel4	128.0(32)	8	1862841856.0	2631.82766741	966.0182112	3597.84587861	480.0
vmodel8	256.0(32)	8	1862841856.0	1570.82604181	483.0091056	2053.83514741	280.0
