Read dnn fromVGG16.net
INPUT: 178608.0
LAYER:	(Activation, Weight, Operations)
Layer 0:	3211264.0		1728.0		86704128.0
Layer 1:	3211264.0		36864.0		1849688064.0
Layer 2:	802816.0		0.0		205520896.0
Layer 3:	1605632.0		73728.0		924844032.0
Layer 4:	1605632.0		147456.0		1849688064.0
Layer 5:	401408.0		0.0		205520896.0
Layer 6:	802816.0		294912.0		924844032.0
Layer 7:	802816.0		589824.0		1849688064.0
Layer 8:	802816.0		589824.0		1849688064.0
Layer 9:	200704.0		0.0		205520896.0
Layer 10:	401408.0		1179648.0		924844032.0
Layer 11:	401408.0		2359296.0		1849688064.0
Layer 12:	401408.0		2359296.0		1849688064.0
Layer 13:	100352.0		0.0		205520896.0
Layer 14:	100352.0		2359296.0		462422016.0
Layer 15:	100352.0		2359296.0		462422016.0
Layer 16:	100352.0		2359296.0		462422016.0
Layer 17:	25088.0		0.0		51380224.0
Layer 18:	4096.0		102760448.0		102760448.0
Layer 19:	4096.0		16777216.0		16777216.0
Layer 20:	1000.0		4096000.0		4096000.0
Total activation: 15087080.0items
Total weight: 138344128.0items
Total comp: 32687456256.0items
Max Activation3211264.0items
==========SINGLE-NODE===============
maxBatchPerNode: 7.3572118365
==========DATA PARALLELISM==========
maxBatchPerNode: 7.3572118365
==========hMODEL PARALLELISM==========
maxBatchPerNode: 16.3305286029
==========hhMODEL PARALLELISM==========
maxBatchPerNode: 16.3305286029
==========vMODEL PARALLELISM==========
Considering nodeNumber: 2
maxBatchPerNode: 19.7156109019
lastActivation: 802816.0
Considering nodeNumber: 4
maxBatchPerNode: 23.5266266838
lastActivation: 2809856.0
lastActivation: 2809856.0
Considering nodeNumber: 8
maxBatchPerNode: 33.7605386961
lastActivation: 4716544.0
lastActivation: 4716544.0
lastActivation: 4716544.0
Considering nodeNumber: 16
Cannot split model
name	B	p	Mem (bytes)	Tcomp (s)	Tcomm(s)	Time(s)	Cost(min*Node)
single	4.0	1	1592397312.0	4498.9187105	0	4498.9187105	75.0
data	256.0	256.0	1228164096.0	17.5739012129	441.011908	458.585809213	2048.0
data	256.0	128.0	1349575168.0	35.1478024258	439.2776064	474.425408826	1024.0
data	256.0	64.0	1592397312.0	70.2956048516	435.8140032	506.109608052	576.0
hmodel	16.0	2.0	2495953664.0	2249.45935525	9272.021952	11521.4813073	386.0
hmodel	16.0	4.0	2219265408.0	1124.72967763	13909.292928	15034.0226056	1004.0
hmodel	16.0	8.0	2080921280.0	562.364838813	16229.188416	16791.5532548	2240.0
hmodel	16.0	16.0	2011749216.0	281.182419406	17390.39616	17671.5785794	4720.0
hmodel	16.0	32.0	1977163184.0	140.591209703	17972.260032	18112.8512417	9664.0
hmodel	16.0	64.0	1959870168.0	70.2956048516	18264.451968	18334.7475729	19584.0
hhmodel-2	32.0	4.0	2495953664.0	1124.72967763	5521.4533952	6646.18307283	444.0
hhmodel-4	64.0	8.0	2495953664.0	562.364838813	2982.0973024	3544.46214121	480.0
hhmodel-8	128.0	16.0	2495953664.0	281.182419406	1546.3963024	1827.57872181	496.0
hhmodel-16	256.0	32.0	2495953664.0	140.591209703	787.037564	927.628773703	512.0
hhmodel-2	32.0	8.0	2219265408.0	562.364838813	7397.3876736	7959.75251241	1064.0
hhmodel-4	64.0	16.0	2219265408.0	281.182419406	3809.3891392	4090.57155861	1104.0
hhmodel-8	128.0	32.0	2219265408.0	140.591209703	1932.3733952	2072.9646049	1120.0
hhmodel-16	256.0	64.0	2219265408.0	70.2956048516	973.108904	1043.40450885	1152.0
hhmodel-2	32.0	16.0	2080921280.0	281.182419406	8335.9848128	8617.16723221	2304.0
hhmodel-4	64.0	32.0	2080921280.0	140.591209703	4223.3500576	4363.9412673	2336.0
hhmodel-8	128.0	64.0	2080921280.0	70.2956048516	2125.5194416	2195.81504645	2368.0
hhmodel-16	256.0	128.0	2080921280.0	35.1478024258	1066.223324	1101.37112643	2432.0
hhmodel-2	32.0	32.0	2011749216.0	140.591209703	8805.9133824	8946.5045921	4800.0
hhmodel-4	64.0	64.0	2011749216.0	70.2956048516	4430.6455168	4500.94112165	4864.0
hhmodel-8	128.0	128.0	2011749216.0	35.1478024258	2222.2499648	2257.39776723	4864.0
hhmodel-16	256.0	256.0	2011749216.0	17.5739012129	1112.859284	1130.43318521	4864.0
hhmodel-2	32.0	64.0	1977163184.0	70.2956048516	9041.5076672	9111.80327205	9728.0
hhmodel-4	64.0	128.0	1977163184.0	35.1478024258	4534.6082464	4569.75604883	9856.0
hhmodel-8	128.0	256.0	1977163184.0	17.5739012129	2270.7727264	2288.34662761	9984.0
hhmodel-16	256.0	512.0	1977163184.0	8.78695060645	1136.256014	1145.04296461	10240.0
hhmodel-2	32.0	128.0	1959870168.0	35.1478024258	9159.9348096	9195.08261203	19712.0
hhmodel-4	64.0	256.0	1959870168.0	17.5739012129	4586.9046112	4604.47851241	19712.0
hhmodel-8	128.0	512.0	1959870168.0	8.78695060645	2295.1916072	2303.97855781	19968.0
hhmodel-16	256.0	1024.0	1959870168.0	4.39347530323	1148.033129	1152.4266043	20480.0
vmodel2	32.0(16)	2	1653323264.0	5623.64838813	328.8734336	5952.52182173	200.0
vmodel2	32.0(16)	4	1363654144.0	4958.90983418	1151.0370176	6109.94685178	408.0
vmodel4	64.0(16)	4	1363654144.0	2939.44604077	575.5185088	3514.96454957	236.0
vmodel2	64.0(32)	8	1862841856.0	4753.83091861	1932.0364224	6685.86734101	896.0
vmodel4	128.0(32)	8	1862841856.0	2631.82766741	966.0182112	3597.84587861	480.0
vmodel8	256.0(32)	8	1862841856.0	1570.82604181	483.0091056	2053.83514741	280.0
