Read dnn fromVGG16.net
INPUT: 178608.0
LAYER:	(Activation, Weight, Operations)
Layer 0:	3211264.0		1728.0		86704128.0
Layer 1:	3211264.0		36864.0		1849688064.0
Layer 2:	802816.0		0.0		205520896.0
Layer 3:	1605632.0		73728.0		924844032.0
Layer 4:	1605632.0		147456.0		1849688064.0
Layer 5:	401408.0		0.0		205520896.0
Layer 6:	802816.0		294912.0		924844032.0
Layer 7:	802816.0		589824.0		1849688064.0
Layer 8:	802816.0		589824.0		1849688064.0
Layer 9:	200704.0		0.0		205520896.0
Layer 10:	401408.0		1179648.0		924844032.0
Layer 11:	401408.0		2359296.0		1849688064.0
Layer 12:	401408.0		2359296.0		1849688064.0
Layer 13:	100352.0		0.0		205520896.0
Layer 14:	100352.0		2359296.0		462422016.0
Layer 15:	100352.0		2359296.0		462422016.0
Layer 16:	100352.0		2359296.0		462422016.0
Layer 17:	25088.0		0.0		51380224.0
Layer 18:	4096.0		102760448.0		102760448.0
Layer 19:	4096.0		16777216.0		16777216.0
Layer 20:	1000.0		4096000.0		4096000.0
Total activation: 15087080.0items
Total weight: 138344128.0items
Total comp: 32687456256.0items
Max Activation3211264.0items
==========SINGLE-NODE===============
maxBatchPerNode: 23.8301740388
==========DATA PARALLELISM==========
maxBatchPerNode: 23.8301740388
==========hMODEL PARALLELISM==========
maxBatchPerNode: 32.8034908052
==========hhMODEL PARALLELISM==========
maxBatchPerNode: 32.8034908052
==========vMODEL PARALLELISM==========
Considering nodeNumber: 2
maxBatchPerNode: 39.5218959273
lastActivation: 802816.0
Considering nodeNumber: 4
maxBatchPerNode: 47.0777254085
lastActivation: 2809856.0
lastActivation: 2809856.0
Considering nodeNumber: 8
maxBatchPerNode: 67.5262897436
lastActivation: 4716544.0
lastActivation: 4716544.0
lastActivation: 4716544.0
Considering nodeNumber: 16
Cannot split model
name	B	p	Mem (bytes)	Tcomp (s)	Tcomm(s)	Time(s)	Cost(min*Node)
single	16.0	1	3049330176.0	4498.9187105	0	4498.9187105	75.0
data	256.0	256.0	1228164096.0	17.5739012129	441.011908	458.585809213	2048.0
data	256.0	128.0	1349575168.0	35.1478024258	439.2776064	474.425408826	1024.0
data	256.0	64.0	1592397312.0	70.2956048516	435.8140032	506.109608052	576.0
data	256.0	32.0	2078041600.0	140.591209703	428.8917968	569.483006503	320.0
data	256.0	16.0	3049330176.0	281.182419406	415.052384	696.234803406	192.0
hmodel	32.0	2.0	4438530816.0	2249.45935525	9270.761952	11520.2213073	386.0
hmodel	32.0	4.0	4161842560.0	1124.72967763	13906.772928	15031.5026056	1004.0
hmodel	32.0	8.0	4023498432.0	562.364838813	16225.408416	16787.7732548	2240.0
hmodel	32.0	16.0	3954326368.0	281.182419406	17385.35616	17666.5385794	4720.0
hmodel	32.0	32.0	3919740336.0	140.591209703	17965.960032	18106.5512417	9664.0
hmodel	32.0	64.0	3902447320.0	70.2956048516	18256.891968	18327.1875729	19584.0
hhmodel-2	64.0	4.0	4438530816.0	1124.72967763	5078.1021856	6202.83186323	416.0
hhmodel-4	128.0	8.0	4438530816.0	562.364838813	2649.7363952	3212.10123401	432.0
hhmodel-8	256.0	16.0	4438530816.0	281.182419406	1352.5420232	1633.72444261	448.0
hhmodel-2	64.0	8.0	4161842560.0	562.364838813	7174.7570688	7737.12190761	1032.0
hhmodel-4	128.0	16.0	4161842560.0	281.182419406	3642.7261856	3923.90860501	1056.0
hhmodel-8	256.0	32.0	4161842560.0	140.591209703	1835.2025056	1975.7937153	1056.0
hhmodel-2	64.0	16.0	4023498432.0	281.182419406	8223.3995104	8504.58192981	2272.0
hhmodel-4	128.0	32.0	4023498432.0	140.591209703	4139.3785808	4279.9697905	2304.0
hhmodel-8	256.0	64.0	4023498432.0	70.2956048516	2076.6114968	2146.90710165	2304.0
hhmodel-2	64.0	32.0	3954326368.0	140.591209703	8748.0357312	8888.6269409	4768.0
hhmodel-4	128.0	64.0	3954326368.0	70.2956048516	4387.8622784	4458.15788325	4800.0
hhmodel-8	256.0	128.0	3954326368.0	35.1478024258	2197.3947424	2232.54254483	4864.0
hhmodel-2	64.0	64.0	3919740336.0	70.2956048516	9010.6688416	9080.96444645	9728.0
hhmodel-4	128.0	128.0	3919740336.0	35.1478024258	4512.2616272	4547.40942963	9728.0
hhmodel-8	256.0	256.0	3919740336.0	17.5739012129	2257.8651152	2275.43901641	9728.0
hhmodel-2	64.0	128.0	3902447320.0	35.1478024258	9142.3003968	9177.44819923	19584.0
hhmodel-4	128.0	256.0	3902447320.0	17.5739012129	4574.6188016	4592.19270281	19712.0
hhmodel-8	256.0	512.0	3902447320.0	8.78695060645	2288.1790516	2296.96600221	19968.0
vmodel2	64.0(32)	2	3297490432.0	5623.64838813	328.8534336	5952.50182173	200.0
vmodel2	64.0(32)	4	2725230080.0	4958.90983418	1150.9770176	6109.88685178	408.0
vmodel4	128.0(32)	4	2725230080.0	2939.44604077	575.4885088	3514.93454957	236.0
vmodel2	64.0(32)	8	1862841856.0	4753.83091861	1932.0364224	6685.86734101	896.0
vmodel4	128.0(32)	8	1862841856.0	2631.82766741	966.0182112	3597.84587861	480.0
vmodel8	256.0(32)	8	1862841856.0	1570.82604181	483.0091056	2053.83514741	280.0
