#######################################################
-net ./ALEXNET_ImageNet_profall.net1 -plat ABCI.plat -goal 1 --paratype ['o', 'd']
--cmaxB 524288.0 --cmaxp 2048.0 --cBon 512.0
====================================
Read platform from  ABCI.plat
====================================
FILE:  ABCI.plat
MEM_PER_NODE:  16000000000.0
NODE_SPEED:  7.8e+12
BANDWIDTH:  12500000000.0
LATENCY:  5e-07
MAX_NODE:  4096.0
====================================
Read dataset and DNN from  ./ALEXNET_ImageNet_profall.net1
====================================
DATASET:  ImageNet
DATASET SIZE:  1280000.0
SAMPLE SIZE: 3x226x226 153228
====================================
Model:  AlexNet
LAYER	 x[C,W,H] 	 w[C,F,K,K] 	 y[F,W,H] 	 TComp
0 CONV1 	[3, 226, 226] = 153228 	[3, 96, 11, 11] = 34848 	[96, 54, 54] = 279936 	0.000180556
1 RELU 	[96, 54, 54] = 279936 	[96, 96, 0, 0] = 0 	[96, 54, 54] = 279936 	0.0
2 MPOOL 	[96, 54, 54] = 279936 	[0, 0, 3, 3] = 0 	[96, 27, 27] = 69984 	0.0
3 CONV2 	[96, 27, 27] = 69984 	[96, 256, 5, 5] = 614400 	[256, 27, 27] = 186624 	0.0
4 RELU 	[256, 27, 27] = 186624 	[256, 256, 0, 0] = 0 	[256, 27, 27] = 186624 	0.0
5 MPOOL 	[256, 27, 27] = 186624 	[0, 0, 3, 3] = 0 	[256, 13, 13] = 43264 	0.0
6 CONV3 	[256, 13, 13] = 43264 	[256, 384, 3, 3] = 884736 	[384, 13, 13] = 64896 	0.0
7 RELU 	[384, 13, 13] = 64896 	[384, 384, 0, 0] = 0 	[384, 13, 13] = 64896 	0.0
8 CONV4 	[384, 13, 13] = 64896 	[384, 384, 3, 3] = 1327104 	[384, 13, 13] = 64896 	0.0
9 RELU 	[384, 13, 13] = 64896 	[384, 384, 0, 0] = 0 	[384, 13, 13] = 64896 	0.0
10 CONV5 	[384, 13, 13] = 64896 	[384, 256, 3, 3] = 884736 	[256, 13, 13] = 43264 	0.0
11 RELU 	[256, 13, 13] = 43264 	[256, 256, 0, 0] = 0 	[256, 13, 13] = 43264 	0.0
12 MPOOL 	[256, 13, 13] = 43264 	[0, 0, 3, 3] = 0 	[256, 6, 6] = 9216 	0.0
13 FC6 	[256, 6, 6] = 9216 	[256, 4096, 6, 6] = 37748736 	[4096, 1, 1] = 4096 	0.0
14 RELU 	[4096, 1, 1] = 4096 	[4096, 4096, 0, 0] = 0 	[4096, 1, 1] = 4096 	0.0
15 DROPOUT 	[4096, 1, 1] = 4096 	[4096, 4096, 0, 0] = 0 	[4096, 1, 1] = 4096 	0.0
16 FC7 	[4096, 1, 1] = 4096 	[4096, 4096, 1, 1] = 16777216 	[4096, 1, 1] = 4096 	0.0
17 RELU 	[4096, 1, 1] = 4096 	[4096, 4096, 0, 0] = 0 	[4096, 1, 1] = 4096 	0.0
18 DROPOUT 	[4096, 1, 1] = 4096 	[4096, 4096, 0, 0] = 0 	[4096, 1, 1] = 4096 	0.0
19 FC8 	[4096, 1, 1] = 4096 	[4096, 1000, 1, 1] = 4096000 	[1000, 1, 1] = 1000 	0.0
Model with 20 layers
Total |x|: 931692 items
Total |y|: 779464 items
Total |w|: 62367776 items
Total comp: 0.000180556 sec
Max comp: 0.000180556 sec ==>5538.44790536samples for 100% GPU ultilization
Max |y|: 279936 items
****
global value g GOAL 1
MAX_MINIBATCH 524288.0
MAX_RANK 2048.0
FIX_MIRCO_BATCH 512.0
NODE_SPEED 7.8e+12
MEM_PER_NODE 16000000000.0
ITEM_PER_NODE 4000000000.0
BW_FACTOR 8e-11
LATENCY_FACTOR 5e-07
TOTAL_SAMPLE 1280000.0
GPU_PER_NODE 4

{'maxOut': 279936, 'totalOut': 779464, 'minFilter': 96, 'minChannel': 3, 'totalIn': 931692, 'totalComp': 0.000180556, 'totalWeight': 62367776, 'minW': 1}
==========SINGLE-NODE===============
maxSamplePerNode: 1132.35276269
Use FIX_MIRCO_BATCH set by user for miniBatch:  512.0
==========DATA PARALLELISM==========
maxSamplePerNode: 1132.35276269
Use FIX_MIRCO_BATCH set by user,  512.0
512.0 1711156 62367776 4.0
512.0 1711156 62367776 4.0
512.0 1711156 62367776 4.0
512.0 1711156 62367776 4.0
512.0 1711156 62367776 4.0
512.0 1711156 62367776 4.0
512.0 1711156 62367776 4.0
512.0 1711156 62367776 4.0
512.0 1711156 62367776 4.0
512.0 1711156 62367776 4.0
==================SUMMARY==================
name		B	p	Mem (bytes)	Tcomp (s)	Tcomm(s)	Time(s)	Cost(min*Node)
single		512.0	1	7507837184.0	231.11168	0	231.11168	4.0
data		1024.0	2.0	7507837184.0	115.55584	6.2592776	121.8151176	6.0
data		2048.0	4.0	7507837184.0	57.77792	4.7113332	62.4892532	8.0
data		4096.0	8.0	7507837184.0	28.88896	11.0646421973	39.9536021973	8.0
data		8192.0	16.0	7507837184.0	14.44448	6.0178045992	20.4622845992	16.0
data		16384.0	32.0	7507837184.0	7.22224	3.20323204848	10.4254720485	32.0
data		32768.0	64.0	7507837184.0	3.61112	1.7244303552	5.3355503552	64.0
data		65536.0	128.0	7507837184.0	1.80556	0.9469599552	2.7525199552	128.0
data		131072.0	256.0	7507837184.0	0.90278	0.555592572	1.458372572	256.0
data		262144.0	512.0	7507837184.0	0.45139	0.3574948846	0.8088848846	512.0
data		524288.0	1024.0	7507837184.0	0.225695	0.30978443034	0.53547943034	1024.0
