#######################################################
-net ./RESNET50_ImageNet.net -plat ABCI.plat -goal 1 --paratype ['a']
--cmaxB 262144.0 --cmaxp 2048.0 --cBon 64.0
====================================
Read platform from  ABCI.plat
====================================
FILE:  ABCI.plat
MEM_PER_NODE:  16000000000.0
NODE_SPEED:  7.8e+12
BANDWIDTH:  12500000000.0
LATENCY:  5e-07
MAX_NODE:  4096.0
====================================
Read dataset and DNN from  ./RESNET50_ImageNet.net
# First block group
#
#
# Second block group
#
#
#
# Third block group
#
#
#
#
#
# Forth block group
#
#
# Fully connected
====================================
DATASET:  ImageNet
DATASET SIZE:  1280000.0
SAMPLE SIZE: 3x226x226 153228
====================================
Model:  ResNet50
LAYER	 x[C,W,H] 	 w[C,F,K,K] 	 y[F,W,H] 	 TComp
0 CONV_1 	[3, 226, 226] = 153228 	[3, 64, 7, 7] = 9408 	[64, 113, 113] = 817216 	6.160672e-05
1 BNORM 	[64, 113, 113] = 817216 	[64, 64, 0, 0] = 0 	[64, 113, 113] = 817216 	8.3817025641e-07
2 RELU 	[64, 113, 113] = 817216 	[64, 64, 0, 0] = 0 	[64, 113, 113] = 817216 	2.09542564103e-07
3 MPOOL 	[64, 113, 113] = 817216 	[0, 0, 3, 3] = 0 	[64, 56, 56] = 200704 	2.96424369231e-05
4 CONV_2a1 	[64, 56, 56] = 200704 	[64, 64, 1, 1] = 4096 	[64, 56, 56] = 200704 	6.58773333333e-06
5 BNORM 	[64, 56, 56] = 200704 	[64, 64, 0, 0] = 0 	[64, 56, 56] = 200704 	2.0585025641e-07
6 RELU 	[64, 56, 56] = 200704 	[64, 64, 0, 0] = 0 	[64, 56, 56] = 200704 	5.14625641026e-08
7 CONV_2a2 	[64, 56, 56] = 200704 	[64, 64, 3, 3] = 36864 	[64, 56, 56] = 200704 	5.92896e-05
8 BNORM 	[64, 56, 56] = 200704 	[64, 64, 0, 0] = 0 	[64, 56, 56] = 200704 	2.0585025641e-07
9 RELU 	[64, 56, 56] = 200704 	[64, 64, 0, 0] = 0 	[64, 56, 56] = 200704 	5.14625641026e-08
10 CONV_2a3 	[64, 56, 56] = 200704 	[64, 256, 1, 1] = 16384 	[256, 56, 56] = 802816 	2.63509333333e-05
11 BNORM 	[256, 56, 56] = 802816 	[256, 256, 0, 0] = 0 	[256, 56, 56] = 802816 	8.23401025641e-07
12 ADD 	[256, 56, 56] = 802816 	[256, 256, 0, 0] = 0 	[256, 56, 56] = 802816 	2.0585025641e-07
13 RELU 	[256, 56, 56] = 802816 	[256, 256, 0, 0] = 0 	[256, 56, 56] = 802816 	2.0585025641e-07
14 CONV_2b1 	[256, 56, 56] = 802816 	[256, 64, 1, 1] = 16384 	[64, 56, 56] = 200704 	2.63509333333e-05
15 BNORM 	[64, 56, 56] = 200704 	[64, 64, 0, 0] = 0 	[64, 56, 56] = 200704 	2.0585025641e-07
16 RELU 	[64, 56, 56] = 200704 	[64, 64, 0, 0] = 0 	[64, 56, 56] = 200704 	5.14625641026e-08
17 CONV_2b2 	[64, 56, 56] = 200704 	[64, 64, 3, 3] = 36864 	[64, 56, 56] = 200704 	5.92896e-05
18 BNORM 	[64, 56, 56] = 200704 	[64, 64, 0, 0] = 0 	[64, 56, 56] = 200704 	2.0585025641e-07
19 RELU 	[64, 56, 56] = 200704 	[64, 64, 0, 0] = 0 	[64, 56, 56] = 200704 	5.14625641026e-08
20 CONV_2b3 	[64, 56, 56] = 200704 	[64, 256, 1, 1] = 16384 	[256, 56, 56] = 802816 	2.63509333333e-05
21 BNORM 	[256, 56, 56] = 802816 	[256, 256, 0, 0] = 0 	[256, 56, 56] = 802816 	8.23401025641e-07
22 ADD 	[256, 56, 56] = 802816 	[256, 256, 0, 0] = 0 	[256, 56, 56] = 802816 	2.0585025641e-07
23 RELU 	[256, 56, 56] = 802816 	[256, 256, 0, 0] = 0 	[256, 56, 56] = 802816 	2.0585025641e-07
24 CONV_2c1 	[256, 56, 56] = 802816 	[256, 64, 1, 1] = 16384 	[64, 56, 56] = 200704 	2.63509333333e-05
25 BNORM 	[64, 56, 56] = 200704 	[64, 64, 0, 0] = 0 	[64, 56, 56] = 200704 	2.0585025641e-07
26 RELU 	[64, 56, 56] = 200704 	[64, 64, 0, 0] = 0 	[64, 56, 56] = 200704 	5.14625641026e-08
27 CONV_2c2 	[64, 56, 56] = 200704 	[64, 64, 3, 3] = 36864 	[64, 56, 56] = 200704 	5.92896e-05
28 BNORM 	[64, 56, 56] = 200704 	[64, 64, 0, 0] = 0 	[64, 56, 56] = 200704 	2.0585025641e-07
29 RELU 	[64, 56, 56] = 200704 	[64, 64, 0, 0] = 0 	[64, 56, 56] = 200704 	5.14625641026e-08
30 CONV_2c3 	[64, 56, 56] = 200704 	[64, 256, 1, 1] = 16384 	[256, 56, 56] = 802816 	2.63509333333e-05
31 BNORM 	[256, 56, 56] = 802816 	[256, 256, 0, 0] = 0 	[256, 56, 56] = 802816 	8.23401025641e-07
32 ADD 	[256, 56, 56] = 802816 	[256, 256, 0, 0] = 0 	[256, 56, 56] = 802816 	2.0585025641e-07
33 RELU 	[256, 56, 56] = 802816 	[256, 256, 0, 0] = 0 	[256, 56, 56] = 802816 	2.0585025641e-07
34 CONV_3a1 	[256, 56, 56] = 802816 	[256, 128, 1, 1] = 32768 	[128, 28, 28] = 100352 	1.31786174359e-05
35 BNORM 	[128, 28, 28] = 100352 	[128, 128, 0, 0] = 0 	[128, 28, 28] = 100352 	1.02925128205e-07
36 RELU 	[128, 28, 28] = 100352 	[128, 128, 0, 0] = 0 	[128, 28, 28] = 100352 	2.57312820513e-08
37 CONV_3a2 	[128, 28, 28] = 100352 	[128, 128, 3, 3] = 147456 	[128, 28, 28] = 100352 	5.93037784615e-05
38 BNORM 	[128, 28, 28] = 100352 	[128, 128, 0, 0] = 0 	[128, 28, 28] = 100352 	1.02925128205e-07
39 RELU 	[128, 28, 28] = 100352 	[128, 128, 0, 0] = 0 	[128, 28, 28] = 100352 	2.57312820513e-08
40 CONV_3a3 	[128, 28, 28] = 100352 	[128, 512, 1, 1] = 65536 	[512, 28, 28] = 401408 	2.63572348718e-05
41 BNORM 	[512, 28, 28] = 401408 	[512, 512, 0, 0] = 0 	[512, 28, 28] = 401408 	4.11700512821e-07
42 ADD 	[512, 28, 28] = 401408 	[512, 512, 0, 0] = 0 	[512, 28, 28] = 401408 	1.02925128205e-07
43 RELU 	[512, 28, 28] = 401408 	[512, 512, 0, 0] = 0 	[512, 28, 28] = 401408 	1.02925128205e-07
44 CONV_3b1 	[512, 28, 28] = 401408 	[512, 128, 1, 1] = 65536 	[128, 28, 28] = 100352 	2.63572348718e-05
45 BNORM 	[128, 28, 28] = 100352 	[128, 128, 0, 0] = 0 	[128, 28, 28] = 100352 	1.02925128205e-07
46 RELU 	[128, 28, 28] = 100352 	[128, 128, 0, 0] = 0 	[128, 28, 28] = 100352 	2.57312820513e-08
47 CONV_3b2 	[128, 28, 28] = 100352 	[128, 128, 3, 3] = 147456 	[128, 28, 28] = 100352 	5.93037784615e-05
48 BNORM 	[128, 28, 28] = 100352 	[128, 128, 0, 0] = 0 	[128, 28, 28] = 100352 	1.02925128205e-07
49 RELU 	[128, 28, 28] = 100352 	[128, 128, 0, 0] = 0 	[128, 28, 28] = 100352 	2.57312820513e-08
50 CONV_3b3 	[128, 28, 28] = 100352 	[128, 512, 1, 1] = 65536 	[512, 28, 28] = 401408 	2.63572348718e-05
51 BNORM 	[512, 28, 28] = 401408 	[512, 512, 0, 0] = 0 	[512, 28, 28] = 401408 	4.11700512821e-07
52 ADD 	[512, 28, 28] = 401408 	[512, 512, 0, 0] = 0 	[512, 28, 28] = 401408 	1.02925128205e-07
53 RELU 	[512, 28, 28] = 401408 	[512, 512, 0, 0] = 0 	[512, 28, 28] = 401408 	1.02925128205e-07
54 CONV_3c1 	[512, 28, 28] = 401408 	[512, 128, 1, 1] = 65536 	[128, 28, 28] = 100352 	2.63572348718e-05
55 BNORM 	[128, 28, 28] = 100352 	[128, 128, 0, 0] = 0 	[128, 28, 28] = 100352 	1.02925128205e-07
56 RELU 	[128, 28, 28] = 100352 	[128, 128, 0, 0] = 0 	[128, 28, 28] = 100352 	2.57312820513e-08
57 CONV_3c2 	[128, 28, 28] = 100352 	[128, 128, 3, 3] = 147456 	[128, 28, 28] = 100352 	5.93037784615e-05
58 BNORM 	[128, 28, 28] = 100352 	[128, 128, 0, 0] = 0 	[128, 28, 28] = 100352 	1.02925128205e-07
59 RELU 	[128, 28, 28] = 100352 	[128, 128, 0, 0] = 0 	[128, 28, 28] = 100352 	2.57312820513e-08
60 CONV_3c3 	[128, 28, 28] = 100352 	[128, 512, 1, 1] = 65536 	[512, 28, 28] = 401408 	2.63572348718e-05
61 BNORM 	[512, 28, 28] = 401408 	[512, 512, 0, 0] = 0 	[512, 28, 28] = 401408 	4.11700512821e-07
62 ADD 	[512, 28, 28] = 401408 	[512, 512, 0, 0] = 0 	[512, 28, 28] = 401408 	1.02925128205e-07
63 RELU 	[512, 28, 28] = 401408 	[512, 512, 0, 0] = 0 	[512, 28, 28] = 401408 	1.02925128205e-07
64 CONV_3d1 	[512, 28, 28] = 401408 	[512, 128, 1, 1] = 65536 	[128, 28, 28] = 100352 	2.63572348718e-05
65 BNORM 	[128, 28, 28] = 100352 	[128, 128, 0, 0] = 0 	[128, 28, 28] = 100352 	1.02925128205e-07
66 RELU 	[128, 28, 28] = 100352 	[128, 128, 0, 0] = 0 	[128, 28, 28] = 100352 	2.57312820513e-08
67 CONV_3d2 	[128, 28, 28] = 100352 	[128, 128, 3, 3] = 147456 	[128, 28, 28] = 100352 	5.93037784615e-05
68 BNORM 	[128, 28, 28] = 100352 	[128, 128, 0, 0] = 0 	[128, 28, 28] = 100352 	1.02925128205e-07
69 RELU 	[128, 28, 28] = 100352 	[128, 128, 0, 0] = 0 	[128, 28, 28] = 100352 	2.57312820513e-08
70 CONV_3d3 	[128, 28, 28] = 100352 	[128, 512, 1, 1] = 65536 	[512, 28, 28] = 401408 	2.63572348718e-05
71 BNORM 	[512, 28, 28] = 401408 	[512, 512, 0, 0] = 0 	[512, 28, 28] = 401408 	4.11700512821e-07
72 ADD 	[512, 28, 28] = 401408 	[512, 512, 0, 0] = 0 	[512, 28, 28] = 401408 	1.02925128205e-07
73 RELU 	[512, 28, 28] = 401408 	[512, 512, 0, 0] = 0 	[512, 28, 28] = 401408 	1.02925128205e-07
74 CONV_4a1 	[512, 28, 28] = 401408 	[512, 256, 1, 1] = 131072 	[256, 14, 14] = 50176 	1.31912205128e-05
75 BNORM 	[256, 14, 14] = 50176 	[256, 256, 0, 0] = 0 	[256, 14, 14] = 50176 	5.14625641026e-08
76 RELU 	[256, 14, 14] = 50176 	[256, 256, 0, 0] = 0 	[256, 14, 14] = 50176 	1.28656410256e-08
77 CONV_4a2 	[256, 14, 14] = 50176 	[256, 256, 3, 3] = 589824 	[256, 14, 14] = 50176 	5.93604923077e-05
78 BNORM 	[256, 14, 14] = 50176 	[256, 256, 0, 0] = 0 	[256, 14, 14] = 50176 	5.14625641026e-08
79 RELU 	[256, 14, 14] = 50176 	[256, 256, 0, 0] = 0 	[256, 14, 14] = 50176 	1.28656410256e-08
80 CONV_4a3 	[256, 14, 14] = 50176 	[256, 1024, 1, 1] = 262144 	[1024, 14, 14] = 200704 	2.63824410256e-05
81 BNORM 	[1024, 14, 14] = 200704 	[1024, 1024, 0, 0] = 0 	[1024, 14, 14] = 200704 	2.0585025641e-07
82 ADD 	[1024, 14, 14] = 200704 	[1024, 1024, 0, 0] = 0 	[1024, 14, 14] = 200704 	5.14625641026e-08
83 RELU 	[1024, 14, 14] = 200704 	[1024, 1024, 0, 0] = 0 	[1024, 14, 14] = 200704 	5.14625641026e-08
84 CONV_4b1 	[1024, 14, 14] = 200704 	[1024, 256, 1, 1] = 262144 	[256, 14, 14] = 50176 	2.63824410256e-05
85 BNORM 	[256, 14, 14] = 50176 	[256, 256, 0, 0] = 0 	[256, 14, 14] = 50176 	5.14625641026e-08
86 RELU 	[256, 14, 14] = 50176 	[256, 256, 0, 0] = 0 	[256, 14, 14] = 50176 	1.28656410256e-08
87 CONV_4b2 	[256, 14, 14] = 50176 	[256, 256, 3, 3] = 589824 	[256, 14, 14] = 50176 	5.93604923077e-05
88 BNORM 	[256, 14, 14] = 50176 	[256, 256, 0, 0] = 0 	[256, 14, 14] = 50176 	5.14625641026e-08
89 RELU 	[256, 14, 14] = 50176 	[256, 256, 0, 0] = 0 	[256, 14, 14] = 50176 	1.28656410256e-08
90 CONV_4b3 	[256, 14, 14] = 50176 	[256, 1024, 1, 1] = 262144 	[1024, 14, 14] = 200704 	2.63824410256e-05
91 BNORM 	[1024, 14, 14] = 200704 	[1024, 1024, 0, 0] = 0 	[1024, 14, 14] = 200704 	2.0585025641e-07
92 ADD 	[1024, 14, 14] = 200704 	[1024, 1024, 0, 0] = 0 	[1024, 14, 14] = 200704 	5.14625641026e-08
93 RELU 	[1024, 14, 14] = 200704 	[1024, 1024, 0, 0] = 0 	[1024, 14, 14] = 200704 	5.14625641026e-08
94 CONV_4c1 	[1024, 14, 14] = 200704 	[1024, 256, 1, 1] = 262144 	[256, 14, 14] = 50176 	2.63824410256e-05
95 BNORM 	[256, 14, 14] = 50176 	[256, 256, 0, 0] = 0 	[256, 14, 14] = 50176 	5.14625641026e-08
96 RELU 	[256, 14, 14] = 50176 	[256, 256, 0, 0] = 0 	[256, 14, 14] = 50176 	1.28656410256e-08
97 CONV_4c2 	[256, 14, 14] = 50176 	[256, 256, 3, 3] = 589824 	[256, 14, 14] = 50176 	5.93604923077e-05
98 BNORM 	[256, 14, 14] = 50176 	[256, 256, 0, 0] = 0 	[256, 14, 14] = 50176 	5.14625641026e-08
99 RELU 	[256, 14, 14] = 50176 	[256, 256, 0, 0] = 0 	[256, 14, 14] = 50176 	1.28656410256e-08
100 CONV_4c3 	[256, 14, 14] = 50176 	[256, 1024, 1, 1] = 262144 	[1024, 14, 14] = 200704 	2.63824410256e-05
101 BNORM 	[1024, 14, 14] = 200704 	[1024, 1024, 0, 0] = 0 	[1024, 14, 14] = 200704 	2.0585025641e-07
102 ADD 	[1024, 14, 14] = 200704 	[1024, 1024, 0, 0] = 0 	[1024, 14, 14] = 200704 	5.14625641026e-08
103 RELU 	[1024, 14, 14] = 200704 	[1024, 1024, 0, 0] = 0 	[1024, 14, 14] = 200704 	5.14625641026e-08
104 CONV_4d1 	[1024, 14, 14] = 200704 	[1024, 256, 1, 1] = 262144 	[256, 14, 14] = 50176 	2.63824410256e-05
105 BNORM 	[256, 14, 14] = 50176 	[256, 256, 0, 0] = 0 	[256, 14, 14] = 50176 	5.14625641026e-08
106 RELU 	[256, 14, 14] = 50176 	[256, 256, 0, 0] = 0 	[256, 14, 14] = 50176 	1.28656410256e-08
107 CONV_4d2 	[256, 14, 14] = 50176 	[256, 256, 3, 3] = 589824 	[256, 14, 14] = 50176 	5.93604923077e-05
108 BNORM 	[256, 14, 14] = 50176 	[256, 256, 0, 0] = 0 	[256, 14, 14] = 50176 	5.14625641026e-08
109 RELU 	[256, 14, 14] = 50176 	[256, 256, 0, 0] = 0 	[256, 14, 14] = 50176 	1.28656410256e-08
110 CONV_4d3 	[256, 14, 14] = 50176 	[256, 1024, 1, 1] = 262144 	[1024, 14, 14] = 200704 	2.63824410256e-05
111 BNORM 	[1024, 14, 14] = 200704 	[1024, 1024, 0, 0] = 0 	[1024, 14, 14] = 200704 	2.0585025641e-07
112 ADD 	[1024, 14, 14] = 200704 	[1024, 1024, 0, 0] = 0 	[1024, 14, 14] = 200704 	5.14625641026e-08
113 RELU 	[1024, 14, 14] = 200704 	[1024, 1024, 0, 0] = 0 	[1024, 14, 14] = 200704 	5.14625641026e-08
114 CONV_4e1 	[1024, 14, 14] = 200704 	[1024, 256, 1, 1] = 262144 	[256, 14, 14] = 50176 	2.63824410256e-05
115 BNORM 	[256, 14, 14] = 50176 	[256, 256, 0, 0] = 0 	[256, 14, 14] = 50176 	5.14625641026e-08
116 RELU 	[256, 14, 14] = 50176 	[256, 256, 0, 0] = 0 	[256, 14, 14] = 50176 	1.28656410256e-08
117 CONV_4e2 	[256, 14, 14] = 50176 	[256, 256, 3, 3] = 589824 	[256, 14, 14] = 50176 	5.93604923077e-05
118 BNORM 	[256, 14, 14] = 50176 	[256, 256, 0, 0] = 0 	[256, 14, 14] = 50176 	5.14625641026e-08
119 RELU 	[256, 14, 14] = 50176 	[256, 256, 0, 0] = 0 	[256, 14, 14] = 50176 	1.28656410256e-08
120 CONV_4e3 	[256, 14, 14] = 50176 	[256, 1024, 1, 1] = 262144 	[1024, 14, 14] = 200704 	2.63824410256e-05
121 BNORM 	[1024, 14, 14] = 200704 	[1024, 1024, 0, 0] = 0 	[1024, 14, 14] = 200704 	2.0585025641e-07
122 ADD 	[1024, 14, 14] = 200704 	[1024, 1024, 0, 0] = 0 	[1024, 14, 14] = 200704 	5.14625641026e-08
123 RELU 	[1024, 14, 14] = 200704 	[1024, 1024, 0, 0] = 0 	[1024, 14, 14] = 200704 	5.14625641026e-08
124 CONV_4f1 	[1024, 14, 14] = 200704 	[1024, 256, 1, 1] = 262144 	[256, 14, 14] = 50176 	2.63824410256e-05
125 BNORM 	[256, 14, 14] = 50176 	[256, 256, 0, 0] = 0 	[256, 14, 14] = 50176 	5.14625641026e-08
126 RELU 	[256, 14, 14] = 50176 	[256, 256, 0, 0] = 0 	[256, 14, 14] = 50176 	1.28656410256e-08
127 CONV_4f2 	[256, 14, 14] = 50176 	[256, 256, 3, 3] = 589824 	[256, 14, 14] = 50176 	5.93604923077e-05
128 BNORM 	[256, 14, 14] = 50176 	[256, 256, 0, 0] = 0 	[256, 14, 14] = 50176 	5.14625641026e-08
129 RELU 	[256, 14, 14] = 50176 	[256, 256, 0, 0] = 0 	[256, 14, 14] = 50176 	1.28656410256e-08
130 CONV_4f3 	[256, 14, 14] = 50176 	[256, 1024, 1, 1] = 262144 	[1024, 14, 14] = 200704 	2.63824410256e-05
131 BNORM 	[1024, 14, 14] = 200704 	[1024, 1024, 0, 0] = 0 	[1024, 14, 14] = 200704 	2.0585025641e-07
132 ADD 	[1024, 14, 14] = 200704 	[1024, 1024, 0, 0] = 0 	[1024, 14, 14] = 200704 	5.14625641026e-08
133 RELU 	[1024, 14, 14] = 200704 	[1024, 1024, 0, 0] = 0 	[1024, 14, 14] = 200704 	5.14625641026e-08
134 CONV_5a1 	[1024, 14, 14] = 200704 	[1024, 512, 1, 1] = 524288 	[512, 7, 7] = 25088 	1.32416328205e-05
135 BNORM 	[512, 7, 7] = 25088 	[512, 512, 0, 0] = 0 	[512, 7, 7] = 25088 	2.57312820513e-08
136 RELU 	[512, 7, 7] = 25088 	[512, 512, 0, 0] = 0 	[512, 7, 7] = 25088 	6.43282051282e-09
137 CONV_5a2 	[512, 7, 7] = 25088 	[512, 512, 3, 3] = 2359296 	[512, 7, 7] = 25088 	5.95873476923e-05
138 BNORM 	[512, 7, 7] = 25088 	[512, 512, 0, 0] = 0 	[512, 7, 7] = 25088 	2.57312820513e-08
139 RELU 	[512, 7, 7] = 25088 	[512, 512, 0, 0] = 0 	[512, 7, 7] = 25088 	6.43282051282e-09
140 CONV_5a3 	[512, 7, 7] = 25088 	[512, 2048, 1, 1] = 1048576 	[2048, 7, 7] = 100352 	2.6483265641e-05
141 BNORM 	[2048, 7, 7] = 100352 	[2048, 2048, 0, 0] = 0 	[2048, 7, 7] = 100352 	1.02925128205e-07
142 ADD 	[2048, 7, 7] = 100352 	[2048, 2048, 0, 0] = 0 	[2048, 7, 7] = 100352 	2.57312820513e-08
143 RELU 	[2048, 7, 7] = 100352 	[2048, 2048, 0, 0] = 0 	[2048, 7, 7] = 100352 	2.57312820513e-08
144 CONV_5b1 	[2048, 7, 7] = 100352 	[2048, 512, 1, 1] = 1048576 	[512, 7, 7] = 25088 	2.6483265641e-05
145 BNORM 	[512, 7, 7] = 25088 	[512, 512, 0, 0] = 0 	[512, 7, 7] = 25088 	2.57312820513e-08
146 RELU 	[512, 7, 7] = 25088 	[512, 512, 0, 0] = 0 	[512, 7, 7] = 25088 	6.43282051282e-09
147 CONV_5b2 	[512, 7, 7] = 25088 	[512, 512, 3, 3] = 2359296 	[512, 7, 7] = 25088 	5.95873476923e-05
148 BNORM 	[512, 7, 7] = 25088 	[512, 512, 0, 0] = 0 	[512, 7, 7] = 25088 	2.57312820513e-08
149 RELU 	[512, 7, 7] = 25088 	[512, 512, 0, 0] = 0 	[512, 7, 7] = 25088 	6.43282051282e-09
150 CONV_5b3 	[512, 7, 7] = 25088 	[512, 2048, 1, 1] = 1048576 	[2048, 7, 7] = 100352 	2.6483265641e-05
151 BNORM 	[2048, 7, 7] = 100352 	[2048, 2048, 0, 0] = 0 	[2048, 7, 7] = 100352 	1.02925128205e-07
152 ADD 	[2048, 7, 7] = 100352 	[2048, 2048, 0, 0] = 0 	[2048, 7, 7] = 100352 	2.57312820513e-08
153 RELU 	[2048, 7, 7] = 100352 	[2048, 2048, 0, 0] = 0 	[2048, 7, 7] = 100352 	2.57312820513e-08
154 CONV_5c1 	[2048, 7, 7] = 100352 	[2048, 512, 1, 1] = 1048576 	[512, 7, 7] = 25088 	2.6483265641e-05
155 BNORM 	[512, 7, 7] = 25088 	[512, 512, 0, 0] = 0 	[512, 7, 7] = 25088 	2.57312820513e-08
156 RELU 	[512, 7, 7] = 25088 	[512, 512, 0, 0] = 0 	[512, 7, 7] = 25088 	6.43282051282e-09
157 CONV_5c2 	[512, 7, 7] = 25088 	[512, 512, 3, 3] = 2359296 	[512, 7, 7] = 25088 	5.95873476923e-05
158 BNORM 	[512, 7, 7] = 25088 	[512, 512, 0, 0] = 0 	[512, 7, 7] = 25088 	2.57312820513e-08
159 RELU 	[512, 7, 7] = 25088 	[512, 512, 0, 0] = 0 	[512, 7, 7] = 25088 	6.43282051282e-09
160 CONV_5c3 	[512, 7, 7] = 25088 	[512, 2048, 1, 1] = 1048576 	[2048, 7, 7] = 100352 	2.6483265641e-05
161 BNORM 	[2048, 7, 7] = 100352 	[2048, 2048, 0, 0] = 0 	[2048, 7, 7] = 100352 	1.02925128205e-07
162 ADD 	[2048, 7, 7] = 100352 	[2048, 2048, 0, 0] = 0 	[2048, 7, 7] = 100352 	2.57312820513e-08
163 RELU 	[2048, 7, 7] = 100352 	[2048, 2048, 0, 0] = 0 	[2048, 7, 7] = 100352 	2.57312820513e-08
164 APOOL 	[2048, 7, 7] = 100352 	[0, 0, 7, 7] = 0 	[2048, 1, 1] = 2048 	5.2697665641e-05
165 FC6 	[2048, 1, 1] = 2048 	[2048, 1000, 1, 1] = 2048000 	[1000, 1, 1] = 1000 	7.87692307692e-07
Model with 166 layers
Total |x|: 14971596 items
Total |y|: 14819368 items
Total |w|: 22734016 items
Total comp: 0.00189289820718 sec
Max comp: 6.160672e-05 sec ==>528.29042587samples for 100% GPU ultilization
Max |y|: 817216 items
****
global value g GOAL 1
MAX_MINIBATCH 262144.0
MAX_RANK 2048.0
FIX_MIRCO_BATCH 64.0
NODE_SPEED 7.8e+12
MEM_PER_NODE 16000000000.0
ITEM_PER_NODE 4000000000.0
BW_FACTOR 8e-11
LATENCY_FACTOR 5e-07
TOTAL_SAMPLE 1280000.0
GPU_PER_NODE 4

{'maxOut': 817216, 'totalOut': 14819368, 'minFilter': 64, 'minChannel': 3, 'totalIn': 14971596, 'totalComp': 0.0018928982071794844, 'totalWeight': 22734016, 'minW': 1}
==========SINGLE-NODE===============
maxSamplePerNode: 66.3713327303
Use FIX_MIRCO_BATCH set by user for miniBatch:  64.0
==========DATA PARALLELISM==========
maxSamplePerNode: 66.3713327303
Use FIX_MIRCO_BATCH set by user,  64.0
64.0 29790964 22734016 4.0
64.0 29790964 22734016 4.0
64.0 29790964 22734016 4.0
64.0 29790964 22734016 4.0
64.0 29790964 22734016 4.0
64.0 29790964 22734016 4.0
64.0 29790964 22734016 4.0
64.0 29790964 22734016 4.0
64.0 29790964 22734016 4.0
64.0 29790964 22734016 4.0
64.0 29790964 22734016 4.0
==========SPATIAL PARALLELISM==========
max_rank 1
==========FILTER PARALLELISM==========
max_rank 64
Not enough memory to store model and 128.0 samples in Filter-Parallelism with 2.0 GPUs
Not enough memory to store model and 256.0 samples in Filter-Parallelism with 4.0 GPUs
Not enough memory to store model and 512.0 samples in Filter-Parallelism with 8.0 GPUs
Not enough memory to store model and 1024.0 samples in Filter-Parallelism with 16.0 GPUs
Not enough memory to store model and 2048.0 samples in Filter-Parallelism with 32.0 GPUs
Not enough memory to store model and 4096.0 samples in Filter-Parallelism with 64.0 GPUs
Get result from Case 2 with miniBatch 64.0 nodeNumber 2.0
Get result from Case 2 with miniBatch 64.0 nodeNumber 4.0
Get result from Case 2 with miniBatch 64.0 nodeNumber 8.0
Get result from Case 2 with miniBatch 64.0 nodeNumber 16.0
Get result from Case 2 with miniBatch 64.0 nodeNumber 32.0
Get result from Case 2 with miniBatch 64.0 nodeNumber 64.0
maxSamplePerNode: 67.1225268508
Use FIX_MIRCO_BATCH set by user,  64.0
Get result from Case 3 with miniBatch 64.0 nodeNumber 2.0
Get result from Case 3 with miniBatch 64.0 nodeNumber 4.0
Get result from Case 3 with miniBatch 64.0 nodeNumber 8.0
Get result from Case 3 with miniBatch 64.0 nodeNumber 16.0
Get result from Case 3 with miniBatch 64.0 nodeNumber 32.0
Get result from Case 3 with miniBatch 64.0 nodeNumber 64.0
==========Channel PARALLELISM==========
max_rank 3
1
Not enough memory to store model and 128.0 samples in Channel-Parallelism with 2.0 GPUs
Not enough memory to store model and 192.0 samples in Channel-Parallelism with 3 GPUs
Get result from Case 2 with miniBatch 64.0 nodeNumber 2.0
Get result from Case 2 with miniBatch 64.0 nodeNumber 3
maxSamplePerNode: 66.8800779547
Use FIX_MIRCO_BATCH set by user,  64.0
Get result from Case 3 with miniBatch 64.0 nodeNumber 2.0
Get result from Case 3 with miniBatch 64.0 nodeNumber 3
==========DATA + FILTER PARALLELISM==========
Use FIX_MIRCO_BATCH set by user,  64.0
==========DATA + SPATIAL PARALLELISM==========
max_rank 1
maxSamplePerNode: 457.023387574
Use FIX_MIRCO_BATCH set by user,  64.0
4.0 0.00222647637333
8.0 0.00222647637333
16.0 0.00222647637333
32.0 0.00222647637333
64.0 0.00222647637333
128.0 0.00222647637333
256.0 0.00222647637333
512.0 0.00222647637333
1024.0 0.00222647637333
2048.0 0.00222647637333
==================SUMMARY==================
name		B	p	Mem (bytes)	Tcomp (s)	Tcomm(s)	Time(s)	Cost(min*Node)
single		64.0	1	15434845696.0	2422.90970519	0	2422.90970519	41.0
data		128.0	2.0	15434845696.0	1211.45485259	18.3672128	1229.82206539	42.0
data		256.0	4.0	15434845696.0	605.727426297	13.9104096	619.637835897	44.0
data		512.0	8.0	15434845696.0	302.863713149	32.8884724	335.752185549	48.0
data		1024.0	16.0	15434845696.0	151.431856574	18.187137	169.618993574	48.0
data		2048.0	32.0	15434845696.0	75.7159282872	9.9839437	85.6998719872	64.0
data		4096.0	64.0	15434845696.0	37.8579641436	5.67828639504	43.5362505386	64.0
data		8192.0	128.0	15434845696.0	18.9289820718	3.48234794512	22.4113300169	128.0
data		16384.0	256.0	15434845696.0	9.4644910359	2.3931260808	11.8576171167	256.0
data		32768.0	512.0	15434845696.0	4.73224551795	1.8473165088	6.57956202675	512.0
data		65536.0	1024.0	15434845696.0	2.36612275897	1.5584128296	3.92453558857	1024.0
data		131072.0	2048.0	15434845696.0	1.18306137949	1.4137478586	2.59680923809	2048.0
filter2		64.0	2.0	15343909632.0	1211.45485259	2365.2013248	3576.65617739	120.0
filter2		64.0	4.0	15298441600.0	605.727426297	3681.4519872	4287.1794135	288.0
filter2		64.0	8.0	15275707584.0	302.863713149	18033.1922736	18336.0559867	2448.0
filter2		64.0	16.0	15264340576.0	151.431856574	21571.794936	21723.2267926	5808.0
filter2		64.0	32.0	15258657072.0	75.7159282872	26941.9242672	27017.6401955	14432.0
filter2		64.0	64.0	15255815320.0	37.8579641436	36828.6449328	36866.5028969	39360.0
filter3		64.0	2.0	15343909632.0	1211.45485259	2365.2013248	3576.65617739	120.0
filter3		64.0	4.0	15298441600.0	605.727426297	3681.4519872	4287.1794135	288.0
filter3		64.0	8.0	15275707584.0	302.863713149	18033.1922736	18336.0559867	2448.0
filter3		64.0	16.0	15264340576.0	151.431856574	21571.794936	21723.2267926	5808.0
filter3		64.0	32.0	15258657072.0	75.7159282872	26941.9242672	27017.6401955	14432.0
filter3		64.0	64.0	15255815320.0	37.8579641436	36828.6449328	36866.5028969	39360.0
chan2		64.0	2.0	15343909632.0	1211.45485259	2365.2013248	3576.65617739	120.0
chan2		64.0	3	15313597610.7	807.637199363	3213.0017664	4020.63896576	204.0
chan3		64.0	2.0	15343909632.0	1211.45485259	2365.2013248	3576.65617739	120.0
chan3		64.0	3	15313597610.7	807.637199363	3213.0017664	4020.63896576	204.0
df		64.0	4.0	15298441600.0	605.727426297	3681.4519872	4287.1794135	288.0
df		128.0	8.0	15298441600.0	302.863713149	1914.0810448	2216.94475795	296.0
df		256.0	16.0	15298441600.0	151.431856574	975.8339352	1127.26579177	304.0
df		512.0	32.0	15298441600.0	75.7159282872	493.0699708	568.785899087	320.0
df		1024.0	64.0	15298441600.0	37.8579641436	248.2778862	286.135850344	320.0
df		2048.0	128.0	15298441600.0	18.9289820718	125.0362933	143.965275372	384.0
df		4096.0	256.0	15298441600.0	9.4644910359	63.3194334547	72.7839244906	512.0
df		8192.0	512.0	15298441600.0	4.73224551795	32.4012862646	37.1335317826	512.0
df		16384.0	1024.0	15298441600.0	2.36612275897	16.9348614302	19.3009841892	1024.0
df		32768.0	2048.0	15298441600.0	1.18306137949	9.2102204832	10.3932818627	2048.0
ds		64.0	4.0	2396988928.0	2849.88975787	175.87272	3025.76247787	204.0
ds		128.0	8.0	2396988928.0	1424.94487893	379.5379648	1804.48284373	248.0
ds		256.0	16.0	2396988928.0	712.472439467	263.1240336	975.596473067	272.0
ds		512.0	32.0	2396988928.0	356.236219733	150.3554296	506.591649333	288.0
ds		1024.0	64.0	2396988928.0	178.118109867	80.330718	258.448827867	320.0
ds		2048.0	128.0	2396988928.0	89.0590549333	41.9152348	130.974289733	384.0
ds		4096.0	256.0	2396988928.0	44.5295274667	21.9058797682	66.4354072348	512.0
ds		8192.0	512.0	2396988928.0	22.2647637333	11.6818921925	33.9466559258	512.0
ds		16384.0	1024.0	2396988928.0	11.1323818667	6.5226489672	17.6550308339	1024.0
ds		32768.0	2048.0	2396988928.0	5.56619093333	3.9416242752	9.50781520853	2048.0
